#
# There is insufficient memory for the Java Runtime Environment to continue.
# Native memory allocation (mmap) failed to map 186646528 bytes for G1 virtual space
# Possible reasons:
#   The system is out of physical RAM or swap space
#   The process is running with CompressedOops enabled, and the Java Heap may be blocking the growth of the native heap
# Possible solutions:
#   Reduce memory load on the system
#   Increase physical memory or swap space
#   Check if swap backing store is full
#   Decrease Java heap size (-Xmx/-Xms)
#   Decrease number of Java threads
#   Decrease Java thread stack sizes (-Xss)
#   Set larger code cache with -XX:ReservedCodeCacheSize=
#   JVM is running with Unscaled Compressed Oops mode in which the Java heap is
#     placed in the first 4GB address space. The Java Heap base address is the
#     maximum limit for the native heap growth. Please use -XX:HeapBaseMinAddress
#     to set the Java Heap base and to place the Java Heap above 4GB virtual address.
# This output file may be truncated or incomplete.
#
#  Out of Memory Error (os_windows.cpp:3535), pid=68016, tid=65216
#
# JRE version: Java(TM) SE Runtime Environment (17.0.4.1+1) (build 17.0.4.1+1-LTS-2)
# Java VM: Java HotSpot(TM) 64-Bit Server VM (17.0.4.1+1-LTS-2, mixed mode, sharing, tiered, compressed oops, compressed class ptrs, g1 gc, windows-amd64)
# No core dump will be written. Minidumps are not enabled by default on client versions of Windows
#

---------------  S U M M A R Y ------------

Command Line: -XX:MaxMetaspaceSize=512m --add-opens=java.base/java.util=ALL-UNNAMED --add-opens=java.base/java.lang=ALL-UNNAMED --add-opens=java.base/java.lang.invoke=ALL-UNNAMED --add-opens=java.base/java.util=ALL-UNNAMED --add-opens=java.prefs/java.util.prefs=ALL-UNNAMED --add-opens=java.prefs/java.util.prefs=ALL-UNNAMED --add-opens=java.base/java.nio.charset=ALL-UNNAMED --add-opens=java.base/java.net=ALL-UNNAMED --add-opens=java.base/java.util.concurrent.atomic=ALL-UNNAMED -Xmx2048m -Dfile.encoding=windows-1252 -Duser.country=US -Duser.language=en -Duser.variant org.gradle.launcher.daemon.bootstrap.GradleDaemon 7.5.1

Host: 11th Gen Intel(R) Core(TM) i3-1115G4 @ 3.00GHz, 4 cores, 7G,  Windows 11 , 64 bit Build 22000 (10.0.22000.708)
Time: Fri Sep 23 16:20:23 2022 Myanmar Standard Time elapsed time: 189.057891 seconds (0d 0h 3m 9s)

---------------  T H R E A D  ---------------

Current thread (0x000002055e998450):  VMThread "VM Thread" [stack: 0x000000f486c00000,0x000000f486d00000] [id=65216]

Stack: [0x000000f486c00000,0x000000f486d00000]
Native frames: (J=compiled Java code, j=interpreted, Vv=VM code, C=native code)
V  [jvm.dll+0x6723ba]
V  [jvm.dll+0x7d1e34]
V  [jvm.dll+0x7d35de]
V  [jvm.dll+0x7d3c43]
V  [jvm.dll+0x243065]
V  [jvm.dll+0x66f2d9]
V  [jvm.dll+0x663c22]
V  [jvm.dll+0x3011cb]
V  [jvm.dll+0x308766]
V  [jvm.dll+0x35846e]
V  [jvm.dll+0x35869f]
V  [jvm.dll+0x2d83e8]
V  [jvm.dll+0x2d66b4]
V  [jvm.dll+0x2d5cbc]
V  [jvm.dll+0x31972b]
V  [jvm.dll+0x7d811b]
V  [jvm.dll+0x7d8e54]
V  [jvm.dll+0x7d936c]
V  [jvm.dll+0x7d9744]
V  [jvm.dll+0x7d9810]
V  [jvm.dll+0x781fca]
V  [jvm.dll+0x671245]
C  [ucrtbase.dll+0x26c0c]
C  [KERNEL32.DLL+0x154e0]
C  [ntdll.dll+0x485b]

VM_Operation (0x000000f4895fe670): G1CollectForAllocation, mode: safepoint, requested by thread 0x0000020560bbd700


---------------  P R O C E S S  ---------------

Threads class SMR info:
_java_thread_list=0x0000020564c95610, length=83, elements={
0x000002053f137f50, 0x000002055e99cd20, 0x000002055e99ddf0, 0x000002055e9b41c0,
0x000002055e9b4a80, 0x000002055e9b5340, 0x000002055e9b7c10, 0x000002055e9b8c10,
0x000002055e9c8af0, 0x000002055e9c9bf0, 0x000002055f4c2ad0, 0x000002055f4c81e0,
0x000002055f7faa00, 0x000002055f7f7eb0, 0x000002055f7fb3a0, 0x000002055f7fa530,
0x000002055f7faed0, 0x000002055f7f79e0, 0x000002055f7f8380, 0x000002055f7f8850,
0x000002055f7f8d20, 0x000002055f7f91f0, 0x000002055f7f96c0, 0x000002055f7f9b90,
0x0000020560bbe0a0, 0x0000020560bbdbd0, 0x0000020560bbea40, 0x0000020560bbfd80,
0x0000020560bbef10, 0x0000020560bbf3e0, 0x0000020560bbcd60, 0x0000020560bc0250,
0x0000020560bc0720, 0x0000020560bbf8b0, 0x0000020560bbe570, 0x0000020560bbd700,
0x00000205646f30a0, 0x00000205646f3570, 0x00000205646f0a20, 0x000002055f70aa70,
0x000002055f70c280, 0x000002055f70b8e0, 0x000002055f70c750, 0x000002055f70da90,
0x00000205646f3a40, 0x00000205646f5bf0, 0x00000205646f0ef0, 0x00000205646f43e0,
0x00000205646f4d80, 0x00000205646f5250, 0x00000205646f1890, 0x00000205646f2230,
0x000002055f7fa060, 0x000002056108dbc0, 0x000002056108cd50, 0x000002056108f3d0,
0x00000205610889f0, 0x000002056108ba10, 0x0000020561089390, 0x0000020561089d30,
0x000002056108c880, 0x0000020561088ec0, 0x000002056108d6f0, 0x0000020561088520,
0x000002056108c3b0, 0x000002056108aba0, 0x000002056108e560, 0x000002056108bee0,
0x000002056108e090, 0x0000020561089860, 0x000002056108ef00, 0x000002056108b070,
0x000002056108a6d0, 0x000002056108b540, 0x00000205634683a0, 0x0000020563467a00,
0x0000020563467530, 0x0000020563467ed0, 0x0000020563467060, 0x0000020563468870,
0x00000205634696e0, 0x0000020563469210, 0x0000020563dc6df0
}

Java Threads: ( => current thread )
  0x000002053f137f50 JavaThread "main" [_thread_blocked, id=82608, stack(0x000000f486600000,0x000000f486700000)]
  0x000002055e99cd20 JavaThread "Reference Handler" daemon [_thread_blocked, id=69308, stack(0x000000f486d00000,0x000000f486e00000)]
  0x000002055e99ddf0 JavaThread "Finalizer" daemon [_thread_blocked, id=72796, stack(0x000000f486e00000,0x000000f486f00000)]
  0x000002055e9b41c0 JavaThread "Signal Dispatcher" daemon [_thread_blocked, id=72492, stack(0x000000f486f00000,0x000000f487000000)]
  0x000002055e9b4a80 JavaThread "Attach Listener" daemon [_thread_blocked, id=79284, stack(0x000000f487000000,0x000000f487100000)]
  0x000002055e9b5340 JavaThread "Service Thread" daemon [_thread_blocked, id=80628, stack(0x000000f487100000,0x000000f487200000)]
  0x000002055e9b7c10 JavaThread "Monitor Deflation Thread" daemon [_thread_blocked, id=81084, stack(0x000000f487200000,0x000000f487300000)]
  0x000002055e9b8c10 JavaThread "C2 CompilerThread0" daemon [_thread_blocked, id=61828, stack(0x000000f487300000,0x000000f487400000)]
  0x000002055e9c8af0 JavaThread "C1 CompilerThread0" daemon [_thread_blocked, id=77192, stack(0x000000f487400000,0x000000f487500000)]
  0x000002055e9c9bf0 JavaThread "Sweeper thread" daemon [_thread_blocked, id=46804, stack(0x000000f487500000,0x000000f487600000)]
  0x000002055f4c2ad0 JavaThread "Common-Cleaner" daemon [_thread_blocked, id=64700, stack(0x000000f487600000,0x000000f487700000)]
  0x000002055f4c81e0 JavaThread "Notification Thread" daemon [_thread_blocked, id=36340, stack(0x000000f487700000,0x000000f487800000)]
  0x000002055f7faa00 JavaThread "Daemon health stats" [_thread_blocked, id=81636, stack(0x000000f487d00000,0x000000f487e00000)]
  0x000002055f7f7eb0 JavaThread "Incoming local TCP Connector on port 49846" [_thread_in_native, id=80740, stack(0x000000f487e00000,0x000000f487f00000)]
  0x000002055f7fb3a0 JavaThread "Daemon periodic checks" [_thread_blocked, id=62532, stack(0x000000f487f00000,0x000000f488000000)]
  0x000002055f7fa530 JavaThread "Daemon" [_thread_blocked, id=79044, stack(0x000000f488000000,0x000000f488100000)]
  0x000002055f7faed0 JavaThread "Handler for socket connection from /127.0.0.1:49846 to /127.0.0.1:49847" [_thread_in_native, id=83860, stack(0x000000f488100000,0x000000f488200000)]
  0x000002055f7f79e0 JavaThread "Cancel handler" [_thread_blocked, id=64472, stack(0x000000f488200000,0x000000f488300000)]
  0x000002055f7f8380 JavaThread "Daemon worker" [_thread_blocked, id=82768, stack(0x000000f488300000,0x000000f488400000)]
  0x000002055f7f8850 JavaThread "Asynchronous log dispatcher for DefaultDaemonConnection: socket connection from /127.0.0.1:49846 to /127.0.0.1:49847" [_thread_blocked, id=37596, stack(0x000000f488400000,0x000000f488500000)]
  0x000002055f7f8d20 JavaThread "Stdin handler" [_thread_blocked, id=81348, stack(0x000000f488500000,0x000000f488600000)]
  0x000002055f7f91f0 JavaThread "Daemon client event forwarder" [_thread_blocked, id=79580, stack(0x000000f488600000,0x000000f488700000)]
  0x000002055f7f96c0 JavaThread "Cache worker for journal cache (C:\Users\95942\.gradle\caches\journal-1)" [_thread_blocked, id=67284, stack(0x000000f488700000,0x000000f488800000)]
  0x000002055f7f9b90 JavaThread "File lock request listener" [_thread_in_native, id=68164, stack(0x000000f488800000,0x000000f488900000)]
  0x0000020560bbe0a0 JavaThread "Cache worker for file hash cache (C:\Users\95942\.gradle\caches\7.5.1\fileHashes)" [_thread_blocked, id=72088, stack(0x000000f488900000,0x000000f488a00000)]
  0x0000020560bbdbd0 JavaThread "File watcher server" daemon [_thread_in_native, id=78680, stack(0x000000f488a00000,0x000000f488b00000)]
  0x0000020560bbea40 JavaThread "File watcher consumer" daemon [_thread_blocked, id=70104, stack(0x000000f488b00000,0x000000f488c00000)]
  0x0000020560bbfd80 JavaThread "Cache worker for checksums cache (D:\SPM\AwesomeProject\android\.gradle\7.5.1\checksums)" [_thread_blocked, id=84300, stack(0x000000f488c00000,0x000000f488d00000)]
  0x0000020560bbef10 JavaThread "Cache worker for cache directory md-rule (C:\Users\95942\.gradle\caches\7.5.1\md-rule)" [_thread_blocked, id=65820, stack(0x000000f488d00000,0x000000f488e00000)]
  0x0000020560bbf3e0 JavaThread "Cache worker for file content cache (C:\Users\95942\.gradle\caches\7.5.1\fileContent)" [_thread_blocked, id=32664, stack(0x000000f488e00000,0x000000f488f00000)]
  0x0000020560bbcd60 JavaThread "Cache worker for file hash cache (D:\SPM\AwesomeProject\android\.gradle\7.5.1\fileHashes)" [_thread_blocked, id=72840, stack(0x000000f488f00000,0x000000f489000000)]
  0x0000020560bc0250 JavaThread "Cache worker for cache directory md-supplier (C:\Users\95942\.gradle\caches\7.5.1\md-supplier)" [_thread_blocked, id=78164, stack(0x000000f489000000,0x000000f489100000)]
  0x0000020560bc0720 JavaThread "Cache worker for execution history cache (C:\Users\95942\.gradle\caches\7.5.1\executionHistory)" [_thread_blocked, id=81076, stack(0x000000f489200000,0x000000f489300000)]
  0x0000020560bbf8b0 JavaThread "File lock release action executor" [_thread_blocked, id=84076, stack(0x000000f489300000,0x000000f489400000)]
  0x0000020560bbe570 JavaThread "jar transforms" [_thread_blocked, id=18208, stack(0x000000f489400000,0x000000f489500000)]
  0x0000020560bbd700 JavaThread "jar transforms Thread 2" [_thread_blocked, id=84684, stack(0x000000f489500000,0x000000f489600000)]
  0x00000205646f30a0 JavaThread "jar transforms Thread 3" [_thread_blocked, id=60008, stack(0x000000f489600000,0x000000f489700000)]
  0x00000205646f3570 JavaThread "jar transforms Thread 4" [_thread_blocked, id=76940, stack(0x000000f489700000,0x000000f489800000)]
  0x00000205646f0a20 JavaThread "Cache worker for kotlin-dsl (C:\Users\95942\.gradle\caches\7.5.1\kotlin-dsl)" [_thread_blocked, id=76024, stack(0x000000f487900000,0x000000f487a00000)]
  0x000002055f70aa70 JavaThread "Cache worker for dependencies-accessors (D:\SPM\AwesomeProject\android\.gradle\7.5.1\dependencies-accessors)" [_thread_blocked, id=79960, stack(0x000000f486400000,0x000000f486500000)]
  0x000002055f70c280 JavaThread "Cache worker for Build Output Cleanup Cache (D:\SPM\AwesomeProject\node_modules\react-native-gradle-plugin\.gradle\buildOutputCleanup)" [_thread_blocked, id=83296, stack(0x000000f486500000,0x000000f486600000)]
  0x000002055f70b8e0 JavaThread "Kotlin DSL Writer" [_thread_blocked, id=75220, stack(0x000000f489a00000,0x000000f489b00000)]
  0x000002055f70c750 JavaThread "Unconstrained build operations" [_thread_blocked, id=77264, stack(0x000000f489c00000,0x000000f489d00000)]
  0x000002055f70da90 JavaThread "Unconstrained build operations Thread 2" [_thread_blocked, id=79668, stack(0x000000f489d00000,0x000000f489e00000)]
  0x00000205646f3a40 JavaThread "Unconstrained build operations Thread 3" [_thread_blocked, id=84528, stack(0x000000f489e00000,0x000000f489f00000)]
  0x00000205646f5bf0 JavaThread "Unconstrained build operations Thread 4" [_thread_blocked, id=80348, stack(0x000000f489f00000,0x000000f48a000000)]
  0x00000205646f0ef0 JavaThread "Unconstrained build operations Thread 5" [_thread_blocked, id=53924, stack(0x000000f48a000000,0x000000f48a100000)]
  0x00000205646f43e0 JavaThread "Unconstrained build operations Thread 6" [_thread_blocked, id=82448, stack(0x000000f48a100000,0x000000f48a200000)]
  0x00000205646f4d80 JavaThread "Unconstrained build operations Thread 7" [_thread_blocked, id=30756, stack(0x000000f48a200000,0x000000f48a300000)]
  0x00000205646f5250 JavaThread "Unconstrained build operations Thread 8" [_thread_blocked, id=77492, stack(0x000000f48a300000,0x000000f48a400000)]
  0x00000205646f1890 JavaThread "Unconstrained build operations Thread 9" [_thread_blocked, id=74104, stack(0x000000f48a400000,0x000000f48a500000)]
  0x00000205646f2230 JavaThread "Unconstrained build operations Thread 10" [_thread_blocked, id=67972, stack(0x000000f48a500000,0x000000f48a600000)]
  0x000002055f7fa060 JavaThread "Unconstrained build operations Thread 11" [_thread_blocked, id=75016, stack(0x000000f48a600000,0x000000f48a700000)]
  0x000002056108dbc0 JavaThread "Unconstrained build operations Thread 12" [_thread_blocked, id=70348, stack(0x000000f48a700000,0x000000f48a800000)]
  0x000002056108cd50 JavaThread "Unconstrained build operations Thread 13" [_thread_blocked, id=43124, stack(0x000000f48a800000,0x000000f48a900000)]
  0x000002056108f3d0 JavaThread "Unconstrained build operations Thread 14" [_thread_blocked, id=83484, stack(0x000000f48a900000,0x000000f48aa00000)]
  0x00000205610889f0 JavaThread "Unconstrained build operations Thread 15" [_thread_blocked, id=79616, stack(0x000000f48aa00000,0x000000f48ab00000)]
  0x000002056108ba10 JavaThread "Unconstrained build operations Thread 16" [_thread_blocked, id=82428, stack(0x000000f48ab00000,0x000000f48ac00000)]
  0x0000020561089390 JavaThread "Unconstrained build operations Thread 17" [_thread_blocked, id=80772, stack(0x000000f489b00000,0x000000f489c00000)]
  0x0000020561089d30 JavaThread "Unconstrained build operations Thread 18" [_thread_blocked, id=53020, stack(0x000000f48ac00000,0x000000f48ad00000)]
  0x000002056108c880 JavaThread "Unconstrained build operations Thread 19" [_thread_blocked, id=83788, stack(0x000000f48ad00000,0x000000f48ae00000)]
  0x0000020561088ec0 JavaThread "Unconstrained build operations Thread 20" [_thread_blocked, id=84464, stack(0x000000f48ae00000,0x000000f48af00000)]
  0x000002056108d6f0 JavaThread "Unconstrained build operations Thread 21" [_thread_blocked, id=84776, stack(0x000000f48af00000,0x000000f48b000000)]
  0x0000020561088520 JavaThread "Unconstrained build operations Thread 22" [_thread_blocked, id=81364, stack(0x000000f48b000000,0x000000f48b100000)]
  0x000002056108c3b0 JavaThread "Unconstrained build operations Thread 23" [_thread_blocked, id=84072, stack(0x000000f48b200000,0x000000f48b300000)]
  0x000002056108aba0 JavaThread "Unconstrained build operations Thread 24" [_thread_blocked, id=73676, stack(0x000000f48b300000,0x000000f48b400000)]
  0x000002056108e560 JavaThread "Unconstrained build operations Thread 25" [_thread_blocked, id=73852, stack(0x000000f48b400000,0x000000f48b500000)]
  0x000002056108bee0 JavaThread "Unconstrained build operations Thread 26" [_thread_blocked, id=59832, stack(0x000000f48b500000,0x000000f48b600000)]
  0x000002056108e090 JavaThread "Unconstrained build operations Thread 27" [_thread_blocked, id=78700, stack(0x000000f48b600000,0x000000f48b700000)]
  0x0000020561089860 JavaThread "Unconstrained build operations Thread 28" [_thread_blocked, id=84972, stack(0x000000f48b700000,0x000000f48b800000)]
  0x000002056108ef00 JavaThread "Unconstrained build operations Thread 29" [_thread_blocked, id=68688, stack(0x000000f48b100000,0x000000f48b200000)]
  0x000002056108b070 JavaThread "Unconstrained build operations Thread 30" [_thread_blocked, id=73256, stack(0x000000f48b800000,0x000000f48b900000)]
  0x000002056108a6d0 JavaThread "Unconstrained build operations Thread 31" [_thread_blocked, id=80800, stack(0x000000f48b900000,0x000000f48ba00000)]
  0x000002056108b540 JavaThread "Unconstrained build operations Thread 32" [_thread_blocked, id=83748, stack(0x000000f48ba00000,0x000000f48bb00000)]
  0x00000205634683a0 JavaThread "Unconstrained build operations Thread 33" [_thread_blocked, id=84332, stack(0x000000f48bb00000,0x000000f48bc00000)]
  0x0000020563467a00 JavaThread "Unconstrained build operations Thread 34" [_thread_blocked, id=45960, stack(0x000000f48bc00000,0x000000f48bd00000)]
  0x0000020563467530 JavaThread "Unconstrained build operations Thread 35" [_thread_blocked, id=79932, stack(0x000000f48bd00000,0x000000f48be00000)]
  0x0000020563467ed0 JavaThread "Unconstrained build operations Thread 36" [_thread_blocked, id=81112, stack(0x000000f48be00000,0x000000f48bf00000)]
  0x0000020563467060 JavaThread "Unconstrained build operations Thread 37" [_thread_blocked, id=74376, stack(0x000000f48bf00000,0x000000f48c000000)]
  0x0000020563468870 JavaThread "Unconstrained build operations Thread 38" [_thread_blocked, id=61732, stack(0x000000f48c000000,0x000000f48c100000)]
  0x00000205634696e0 JavaThread "Unconstrained build operations Thread 39" [_thread_blocked, id=79308, stack(0x000000f48c100000,0x000000f48c200000)]
  0x0000020563469210 JavaThread "Unconstrained build operations Thread 40" [_thread_blocked, id=83544, stack(0x000000f48c200000,0x000000f48c300000)]
  0x0000020563dc6df0 JavaThread "C2 CompilerThread1" daemon [_thread_blocked, id=59720, stack(0x000000f489800000,0x000000f489900000)]

Other Threads:
=>0x000002055e998450 VMThread "VM Thread" [stack: 0x000000f486c00000,0x000000f486d00000] [id=65216]
  0x000002053f1b1ac0 WatcherThread [stack: 0x000000f487800000,0x000000f487900000] [id=72504]
  0x000002053f191fd0 GCTaskThread "GC Thread#0" [stack: 0x000000f486700000,0x000000f486800000] [id=75792]
  0x000002055f697ff0 GCTaskThread "GC Thread#1" [stack: 0x000000f487a00000,0x000000f487b00000] [id=76368]
  0x000002055f5274f0 GCTaskThread "GC Thread#2" [stack: 0x000000f487b00000,0x000000f487c00000] [id=71808]
  0x00000205603013e0 GCTaskThread "GC Thread#3" [stack: 0x000000f487c00000,0x000000f487d00000] [id=72316]
  0x000002053f1a3490 ConcurrentGCThread "G1 Main Marker" [stack: 0x000000f486800000,0x000000f486900000] [id=59348]
  0x000002053f1a4450 ConcurrentGCThread "G1 Conc#0" [stack: 0x000000f486900000,0x000000f486a00000] [id=80700]
  0x000002053f20e350 ConcurrentGCThread "G1 Refine#0" [stack: 0x000000f486a00000,0x000000f486b00000] [id=57888]
  0x0000020561a141a0 ConcurrentGCThread "G1 Refine#1" [stack: 0x000000f489100000,0x000000f489200000] [id=76972]
  0x000002053f20ea20 ConcurrentGCThread "G1 Service" [stack: 0x000000f486b00000,0x000000f486c00000] [id=60872]

Threads with active compile tasks:
C2 CompilerThread0   189102 22317       4       org.objectweb.asm.ClassWriter::toByteArray (1535 bytes)

VM state: at safepoint (normal execution)

VM Mutex/Monitor currently owned by a thread:  ([mutex/lock_event])
[0x000002053f132470] Threads_lock - owner thread: 0x000002055e998450
[0x000002053f133700] Heap_lock - owner thread: 0x0000020560bbd700

Heap address: 0x0000000080000000, size: 2048 MB, Compressed Oops mode: 32-bit

CDS archive(s) mapped at: [0x0000000800000000-0x0000000800bc0000-0x0000000800bc0000), size 12320768, SharedBaseAddress: 0x0000000800000000, ArchiveRelocationMode: 0.
Compressed class space mapped at: 0x0000000800c00000-0x000000081a800000, reserved size: 432013312
Narrow klass base: 0x0000000800000000, Narrow klass shift: 0, Narrow klass range: 0x100000000

GC Precious Log:
 CPUs: 4 total, 4 available
 Memory: 7991M
 Large Page Support: Disabled
 NUMA Support: Disabled
 Compressed Oops: Enabled (32-bit)
 Heap Region Size: 1M
 Heap Min Capacity: 8M
 Heap Initial Capacity: 126M
 Heap Max Capacity: 2G
 Pre-touch: Disabled
 Parallel Workers: 4
 Concurrent Workers: 1
 Concurrent Refinement Workers: 4
 Periodic GC: Disabled

Heap:
 garbage-first heap   total 272384K, used 105875K [0x0000000080000000, 0x0000000100000000)
  region size 1024K, 7 young (7168K), 7 survivors (7168K)
 Metaspace       used 114649K, committed 115200K, reserved 528384K
  class space    used 13826K, committed 14080K, reserved 421888K

Heap Regions: E=young(eden), S=young(survivor), O=old, HS=humongous(starts), HC=humongous(continues), CS=collection set, F=free, OA=open archive, CA=closed archive, TAMS=top-at-mark-start (previous, next)
|   0|0x0000000080000000, 0x0000000080100000, 0x0000000080100000|100%|HS|  |TAMS 0x0000000080100000, 0x0000000080000000| Complete 
|   1|0x0000000080100000, 0x0000000080200000, 0x0000000080200000|100%|HC|  |TAMS 0x0000000080200000, 0x0000000080100000| Complete 
|   2|0x0000000080200000, 0x0000000080300000, 0x0000000080300000|100%|HC|  |TAMS 0x0000000080300000, 0x0000000080200000| Complete 
|   3|0x0000000080300000, 0x0000000080400000, 0x0000000080400000|100%| O|  |TAMS 0x0000000080400000, 0x0000000080300000| Untracked 
|   4|0x0000000080400000, 0x0000000080500000, 0x0000000080500000|100%| O|  |TAMS 0x0000000080500000, 0x0000000080400000| Untracked 
|   5|0x0000000080500000, 0x0000000080600000, 0x0000000080600000|100%| O|  |TAMS 0x0000000080600000, 0x0000000080500000| Untracked 
|   6|0x0000000080600000, 0x0000000080700000, 0x0000000080700000|100%| O|  |TAMS 0x0000000080700000, 0x0000000080600000| Untracked 
|   7|0x0000000080700000, 0x0000000080800000, 0x0000000080800000|100%| O|  |TAMS 0x0000000080800000, 0x0000000080700000| Untracked 
|   8|0x0000000080800000, 0x0000000080900000, 0x0000000080900000|100%| O|  |TAMS 0x0000000080900000, 0x0000000080800000| Untracked 
|   9|0x0000000080900000, 0x0000000080a00000, 0x0000000080a00000|100%| O|  |TAMS 0x0000000080a00000, 0x0000000080900000| Untracked 
|  10|0x0000000080a00000, 0x0000000080b00000, 0x0000000080b00000|100%| O|  |TAMS 0x0000000080b00000, 0x0000000080a00000| Untracked 
|  11|0x0000000080b00000, 0x0000000080c00000, 0x0000000080c00000|100%| O|  |TAMS 0x0000000080c00000, 0x0000000080b00000| Untracked 
|  12|0x0000000080c00000, 0x0000000080d00000, 0x0000000080d00000|100%| O|  |TAMS 0x0000000080d00000, 0x0000000080c00000| Untracked 
|  13|0x0000000080d00000, 0x0000000080e00000, 0x0000000080e00000|100%| O|  |TAMS 0x0000000080e00000, 0x0000000080d00000| Untracked 
|  14|0x0000000080e00000, 0x0000000080f00000, 0x0000000080f00000|100%| O|  |TAMS 0x0000000080f00000, 0x0000000080e00000| Untracked 
|  15|0x0000000080f00000, 0x0000000081000000, 0x0000000081000000|100%| O|  |TAMS 0x0000000081000000, 0x0000000080f00000| Untracked 
|  16|0x0000000081000000, 0x0000000081100000, 0x0000000081100000|100%| O|  |TAMS 0x0000000081100000, 0x0000000081000000| Untracked 
|  17|0x0000000081100000, 0x0000000081200000, 0x0000000081200000|100%| O|  |TAMS 0x0000000081200000, 0x0000000081100000| Untracked 
|  18|0x0000000081200000, 0x0000000081300000, 0x0000000081300000|100%| O|  |TAMS 0x0000000081300000, 0x0000000081200000| Untracked 
|  19|0x0000000081300000, 0x0000000081400000, 0x0000000081400000|100%| O|  |TAMS 0x0000000081400000, 0x0000000081300000| Untracked 
|  20|0x0000000081400000, 0x0000000081500000, 0x0000000081500000|100%| O|  |TAMS 0x0000000081500000, 0x0000000081400000| Untracked 
|  21|0x0000000081500000, 0x0000000081600000, 0x0000000081600000|100%| O|  |TAMS 0x0000000081600000, 0x0000000081500000| Untracked 
|  22|0x0000000081600000, 0x0000000081700000, 0x0000000081700000|100%| O|  |TAMS 0x0000000081700000, 0x0000000081600000| Untracked 
|  23|0x0000000081700000, 0x0000000081800000, 0x0000000081800000|100%| O|  |TAMS 0x0000000081800000, 0x0000000081700000| Untracked 
|  24|0x0000000081800000, 0x0000000081900000, 0x0000000081900000|100%| O|  |TAMS 0x0000000081900000, 0x0000000081800000| Untracked 
|  25|0x0000000081900000, 0x0000000081a00000, 0x0000000081a00000|100%| O|  |TAMS 0x0000000081a00000, 0x0000000081900000| Untracked 
|  26|0x0000000081a00000, 0x0000000081b00000, 0x0000000081b00000|100%| O|  |TAMS 0x0000000081b00000, 0x0000000081a00000| Untracked 
|  27|0x0000000081b00000, 0x0000000081c00000, 0x0000000081c00000|100%| O|  |TAMS 0x0000000081c00000, 0x0000000081b00000| Untracked 
|  28|0x0000000081c00000, 0x0000000081d00000, 0x0000000081d00000|100%| O|  |TAMS 0x0000000081d00000, 0x0000000081c00000| Untracked 
|  29|0x0000000081d00000, 0x0000000081e00000, 0x0000000081e00000|100%| O|  |TAMS 0x0000000081e00000, 0x0000000081d00000| Untracked 
|  30|0x0000000081e00000, 0x0000000081f00000, 0x0000000081f00000|100%| O|  |TAMS 0x0000000081f00000, 0x0000000081e00000| Untracked 
|  31|0x0000000081f00000, 0x0000000082000000, 0x0000000082000000|100%| O|  |TAMS 0x0000000082000000, 0x0000000081f00000| Untracked 
|  32|0x0000000082000000, 0x0000000082100000, 0x0000000082100000|100%| O|  |TAMS 0x0000000082100000, 0x0000000082000000| Untracked 
|  33|0x0000000082100000, 0x0000000082200000, 0x0000000082200000|100%| O|  |TAMS 0x0000000082200000, 0x0000000082100000| Untracked 
|  34|0x0000000082200000, 0x0000000082300000, 0x0000000082300000|100%| O|  |TAMS 0x0000000082300000, 0x0000000082200000| Untracked 
|  35|0x0000000082300000, 0x0000000082400000, 0x0000000082400000|100%| O|  |TAMS 0x0000000082400000, 0x0000000082300000| Untracked 
|  36|0x0000000082400000, 0x0000000082500000, 0x0000000082500000|100%| O|  |TAMS 0x0000000082500000, 0x0000000082400000| Untracked 
|  37|0x0000000082500000, 0x0000000082600000, 0x0000000082600000|100%| O|  |TAMS 0x0000000082600000, 0x0000000082500000| Untracked 
|  38|0x0000000082600000, 0x0000000082700000, 0x0000000082700000|100%| O|  |TAMS 0x0000000082700000, 0x0000000082600000| Untracked 
|  39|0x0000000082700000, 0x0000000082800000, 0x0000000082800000|100%| O|  |TAMS 0x0000000082800000, 0x0000000082700000| Untracked 
|  40|0x0000000082800000, 0x0000000082900000, 0x0000000082900000|100%| O|  |TAMS 0x0000000082900000, 0x0000000082800000| Untracked 
|  41|0x0000000082900000, 0x0000000082a00000, 0x0000000082a00000|100%|HS|  |TAMS 0x0000000082900000, 0x0000000082900000| Complete 
|  42|0x0000000082a00000, 0x0000000082b00000, 0x0000000082b00000|100%| O|  |TAMS 0x0000000082a00000, 0x0000000082a00000| Untracked 
|  43|0x0000000082b00000, 0x0000000082c00000, 0x0000000082c00000|100%| O|  |TAMS 0x0000000082b00000, 0x0000000082b00000| Untracked 
|  44|0x0000000082c00000, 0x0000000082d00000, 0x0000000082d00000|100%| O|  |TAMS 0x0000000082c00000, 0x0000000082c00000| Untracked 
|  45|0x0000000082d00000, 0x0000000082e00000, 0x0000000082e00000|100%| O|  |TAMS 0x0000000082d00000, 0x0000000082d00000| Untracked 
|  46|0x0000000082e00000, 0x0000000082f00000, 0x0000000082f00000|100%| O|  |TAMS 0x0000000082e00000, 0x0000000082e00000| Untracked 
|  47|0x0000000082f00000, 0x0000000083000000, 0x0000000083000000|100%| O|  |TAMS 0x0000000082f00000, 0x0000000082f00000| Untracked 
|  48|0x0000000083000000, 0x0000000083100000, 0x0000000083100000|100%| O|  |TAMS 0x0000000083000000, 0x0000000083000000| Untracked 
|  49|0x0000000083100000, 0x0000000083200000, 0x0000000083200000|100%| O|  |TAMS 0x0000000083100000, 0x0000000083100000| Untracked 
|  50|0x0000000083200000, 0x0000000083300000, 0x0000000083300000|100%| O|  |TAMS 0x0000000083300000, 0x0000000083200000| Untracked 
|  51|0x0000000083300000, 0x0000000083400000, 0x0000000083400000|100%|HS|  |TAMS 0x0000000083400000, 0x0000000083300000| Complete 
|  52|0x0000000083400000, 0x0000000083500000, 0x0000000083500000|100%|HC|  |TAMS 0x0000000083500000, 0x0000000083400000| Complete 
|  53|0x0000000083500000, 0x0000000083600000, 0x0000000083600000|100%|HC|  |TAMS 0x0000000083600000, 0x0000000083500000| Complete 
|  54|0x0000000083600000, 0x0000000083700000, 0x0000000083700000|100%| O|  |TAMS 0x0000000083700000, 0x0000000083600000| Untracked 
|  55|0x0000000083700000, 0x0000000083800000, 0x0000000083800000|100%| O|  |TAMS 0x0000000083700000, 0x0000000083700000| Untracked 
|  56|0x0000000083800000, 0x0000000083900000, 0x0000000083900000|100%| O|  |TAMS 0x0000000083800000, 0x0000000083800000| Untracked 
|  57|0x0000000083900000, 0x0000000083a00000, 0x0000000083a00000|100%| O|  |TAMS 0x0000000083a00000, 0x0000000083900000| Untracked 
|  58|0x0000000083a00000, 0x0000000083b00000, 0x0000000083b00000|100%| O|  |TAMS 0x0000000083b00000, 0x0000000083a00000| Untracked 
|  59|0x0000000083b00000, 0x0000000083c00000, 0x0000000083c00000|100%| O|  |TAMS 0x0000000083c00000, 0x0000000083b00000| Untracked 
|  60|0x0000000083c00000, 0x0000000083d00000, 0x0000000083d00000|100%| O|  |TAMS 0x0000000083d00000, 0x0000000083c00000| Untracked 
|  61|0x0000000083d00000, 0x0000000083e00000, 0x0000000083e00000|100%| O|  |TAMS 0x0000000083e00000, 0x0000000083d00000| Untracked 
|  62|0x0000000083e00000, 0x0000000083f00000, 0x0000000083f00000|100%| O|  |TAMS 0x0000000083f00000, 0x0000000083e00000| Untracked 
|  63|0x0000000083f00000, 0x0000000084000000, 0x0000000084000000|100%| O|  |TAMS 0x0000000084000000, 0x0000000083f00000| Untracked 
|  64|0x0000000084000000, 0x0000000084100000, 0x0000000084100000|100%| O|  |TAMS 0x0000000084100000, 0x0000000084000000| Untracked 
|  65|0x0000000084100000, 0x0000000084200000, 0x0000000084200000|100%| O|  |TAMS 0x0000000084200000, 0x0000000084100000| Untracked 
|  66|0x0000000084200000, 0x0000000084300000, 0x0000000084300000|100%| O|  |TAMS 0x0000000084300000, 0x0000000084200000| Untracked 
|  67|0x0000000084300000, 0x0000000084400000, 0x0000000084400000|100%| O|  |TAMS 0x0000000084400000, 0x0000000084300000| Untracked 
|  68|0x0000000084400000, 0x0000000084500000, 0x0000000084500000|100%| O|  |TAMS 0x0000000084500000, 0x0000000084400000| Untracked 
|  69|0x0000000084500000, 0x0000000084600000, 0x0000000084600000|100%| O|  |TAMS 0x0000000084600000, 0x0000000084500000| Untracked 
|  70|0x0000000084600000, 0x0000000084700000, 0x0000000084700000|100%| O|  |TAMS 0x0000000084700000, 0x0000000084600000| Untracked 
|  71|0x0000000084700000, 0x0000000084800000, 0x0000000084800000|100%| O|  |TAMS 0x0000000084800000, 0x0000000084700000| Untracked 
|  72|0x0000000084800000, 0x0000000084900000, 0x0000000084900000|100%| O|  |TAMS 0x0000000084900000, 0x0000000084800000| Untracked 
|  73|0x0000000084900000, 0x0000000084a00000, 0x0000000084a00000|100%| O|  |TAMS 0x0000000084a00000, 0x0000000084900000| Untracked 
|  74|0x0000000084a00000, 0x0000000084a64c00, 0x0000000084b00000| 39%| O|  |TAMS 0x0000000084a00000, 0x0000000084a00000| Untracked 
|  75|0x0000000084b00000, 0x0000000084c00000, 0x0000000084c00000|100%| O|  |TAMS 0x0000000084c00000, 0x0000000084b00000| Untracked 
|  76|0x0000000084c00000, 0x0000000084d00000, 0x0000000084d00000|100%| O|  |TAMS 0x0000000084d00000, 0x0000000084c00000| Untracked 
|  77|0x0000000084d00000, 0x0000000084e00000, 0x0000000084e00000|100%| O|  |TAMS 0x0000000084d00000, 0x0000000084d00000| Untracked 
|  78|0x0000000084e00000, 0x0000000084f00000, 0x0000000084f00000|100%| O|  |TAMS 0x0000000084e00000, 0x0000000084e00000| Untracked 
|  79|0x0000000084f00000, 0x0000000084f00000, 0x0000000085000000|  0%| F|  |TAMS 0x0000000084f00000, 0x0000000084f00000| Untracked 
|  80|0x0000000085000000, 0x0000000085000000, 0x0000000085100000|  0%| F|  |TAMS 0x0000000085000000, 0x0000000085000000| Untracked 
|  81|0x0000000085100000, 0x0000000085100000, 0x0000000085200000|  0%| F|  |TAMS 0x0000000085100000, 0x0000000085100000| Untracked 
|  82|0x0000000085200000, 0x0000000085300000, 0x0000000085300000|100%| O|  |TAMS 0x0000000085300000, 0x0000000085200000| Untracked 
|  83|0x0000000085300000, 0x0000000085400000, 0x0000000085400000|100%|HS|  |TAMS 0x0000000085300000, 0x0000000085300000| Complete 
|  84|0x0000000085400000, 0x0000000085500000, 0x0000000085500000|100%|HC|  |TAMS 0x0000000085400000, 0x0000000085400000| Complete 
|  85|0x0000000085500000, 0x0000000085600000, 0x0000000085600000|100%|HC|  |TAMS 0x0000000085500000, 0x0000000085500000| Complete 
|  86|0x0000000085600000, 0x0000000085700000, 0x0000000085700000|100%|HC|  |TAMS 0x0000000085600000, 0x0000000085600000| Complete 
|  87|0x0000000085700000, 0x0000000085800000, 0x0000000085800000|100%|HC|  |TAMS 0x0000000085700000, 0x0000000085700000| Complete 
|  88|0x0000000085800000, 0x0000000085900000, 0x0000000085900000|100%| O|  |TAMS 0x0000000085900000, 0x0000000085800000| Untracked 
|  89|0x0000000085900000, 0x0000000085a00000, 0x0000000085a00000|100%| O|  |TAMS 0x0000000085a00000, 0x0000000085900000| Untracked 
|  90|0x0000000085a00000, 0x0000000085b00000, 0x0000000085b00000|100%| O|  |TAMS 0x0000000085b00000, 0x0000000085a00000| Untracked 
|  91|0x0000000085b00000, 0x0000000085c00000, 0x0000000085c00000|100%| O|  |TAMS 0x0000000085c00000, 0x0000000085b00000| Untracked 
|  92|0x0000000085c00000, 0x0000000085d00000, 0x0000000085d00000|100%| O|  |TAMS 0x0000000085d00000, 0x0000000085c00000| Untracked 
|  93|0x0000000085d00000, 0x0000000085d00000, 0x0000000085e00000|  0%| F|  |TAMS 0x0000000085d00000, 0x0000000085d00000| Untracked 
|  94|0x0000000085e00000, 0x0000000085e00000, 0x0000000085f00000|  0%| F|  |TAMS 0x0000000085e00000, 0x0000000085e00000| Untracked 
|  95|0x0000000085f00000, 0x0000000086000000, 0x0000000086000000|100%| O|  |TAMS 0x0000000086000000, 0x0000000085f00000| Untracked 
|  96|0x0000000086000000, 0x0000000086100000, 0x0000000086100000|100%| O|  |TAMS 0x0000000086100000, 0x0000000086000000| Untracked 
|  97|0x0000000086100000, 0x0000000086200000, 0x0000000086200000|100%| O|  |TAMS 0x0000000086200000, 0x0000000086100000| Untracked 
|  98|0x0000000086200000, 0x0000000086300000, 0x0000000086300000|100%|HS|  |TAMS 0x0000000086200000, 0x0000000086200000| Complete 
|  99|0x0000000086300000, 0x0000000086400000, 0x0000000086400000|100%|HC|  |TAMS 0x0000000086300000, 0x0000000086300000| Complete 
| 100|0x0000000086400000, 0x0000000086500000, 0x0000000086500000|100%|HC|  |TAMS 0x0000000086400000, 0x0000000086400000| Complete 
| 101|0x0000000086500000, 0x0000000086500000, 0x0000000086600000|  0%| F|  |TAMS 0x0000000086500000, 0x0000000086500000| Untracked 
| 102|0x0000000086600000, 0x0000000086600000, 0x0000000086700000|  0%| F|  |TAMS 0x0000000086600000, 0x0000000086600000| Untracked 
| 103|0x0000000086700000, 0x0000000086700000, 0x0000000086800000|  0%| F|  |TAMS 0x0000000086700000, 0x0000000086700000| Untracked 
| 104|0x0000000086800000, 0x0000000086800000, 0x0000000086900000|  0%| F|  |TAMS 0x0000000086800000, 0x0000000086800000| Untracked 
| 105|0x0000000086900000, 0x0000000086a00000, 0x0000000086a00000|100%| O|  |TAMS 0x0000000086a00000, 0x0000000086900000| Untracked 
| 106|0x0000000086a00000, 0x0000000086a00000, 0x0000000086b00000|  0%| F|  |TAMS 0x0000000086a00000, 0x0000000086a00000| Untracked 
| 107|0x0000000086b00000, 0x0000000086b00000, 0x0000000086c00000|  0%| F|  |TAMS 0x0000000086b00000, 0x0000000086b00000| Untracked 
| 108|0x0000000086c00000, 0x0000000086c00000, 0x0000000086d00000|  0%| F|  |TAMS 0x0000000086c00000, 0x0000000086c00000| Untracked 
| 109|0x0000000086d00000, 0x0000000086d00000, 0x0000000086e00000|  0%| F|  |TAMS 0x0000000086d00000, 0x0000000086d00000| Untracked 
| 110|0x0000000086e00000, 0x0000000086e00000, 0x0000000086f00000|  0%| F|  |TAMS 0x0000000086e00000, 0x0000000086e00000| Untracked 
| 111|0x0000000086f00000, 0x0000000086f00000, 0x0000000087000000|  0%| F|  |TAMS 0x0000000086f00000, 0x0000000086f00000| Untracked 
| 112|0x0000000087000000, 0x0000000087000000, 0x0000000087100000|  0%| F|  |TAMS 0x0000000087000000, 0x0000000087000000| Untracked 
| 113|0x0000000087100000, 0x0000000087100000, 0x0000000087200000|  0%| F|  |TAMS 0x0000000087100000, 0x0000000087100000| Untracked 
| 114|0x0000000087200000, 0x0000000087200000, 0x0000000087300000|  0%| F|  |TAMS 0x0000000087200000, 0x0000000087200000| Untracked 
| 115|0x0000000087300000, 0x0000000087300000, 0x0000000087400000|  0%| F|  |TAMS 0x0000000087300000, 0x0000000087300000| Untracked 
| 116|0x0000000087400000, 0x0000000087400000, 0x0000000087500000|  0%| F|  |TAMS 0x0000000087400000, 0x0000000087400000| Untracked 
| 117|0x0000000087500000, 0x0000000087500000, 0x0000000087600000|  0%| F|  |TAMS 0x0000000087500000, 0x0000000087500000| Untracked 
| 118|0x0000000087600000, 0x0000000087600000, 0x0000000087700000|  0%| F|  |TAMS 0x0000000087600000, 0x0000000087600000| Untracked 
| 119|0x0000000087700000, 0x0000000087700000, 0x0000000087800000|  0%| F|  |TAMS 0x0000000087700000, 0x0000000087700000| Untracked 
| 120|0x0000000087800000, 0x0000000087800000, 0x0000000087900000|  0%| F|  |TAMS 0x0000000087800000, 0x0000000087800000| Untracked 
| 121|0x0000000087900000, 0x0000000087900000, 0x0000000087a00000|  0%| F|  |TAMS 0x0000000087900000, 0x0000000087900000| Untracked 
| 122|0x0000000087a00000, 0x0000000087a00000, 0x0000000087b00000|  0%| F|  |TAMS 0x0000000087a00000, 0x0000000087a00000| Untracked 
| 123|0x0000000087b00000, 0x0000000087b00000, 0x0000000087c00000|  0%| F|  |TAMS 0x0000000087b00000, 0x0000000087b00000| Untracked 
| 124|0x0000000087c00000, 0x0000000087c00000, 0x0000000087d00000|  0%| F|  |TAMS 0x0000000087c00000, 0x0000000087c00000| Untracked 
| 125|0x0000000087d00000, 0x0000000087d00000, 0x0000000087e00000|  0%| F|  |TAMS 0x0000000087d00000, 0x0000000087d00000| Untracked 
| 126|0x0000000087e00000, 0x0000000087e00000, 0x0000000087f00000|  0%| F|  |TAMS 0x0000000087e00000, 0x0000000087e00000| Untracked 
| 127|0x0000000087f00000, 0x0000000087f00000, 0x0000000088000000|  0%| F|  |TAMS 0x0000000087f00000, 0x0000000087f00000| Untracked 
| 128|0x0000000088000000, 0x0000000088000000, 0x0000000088100000|  0%| F|  |TAMS 0x0000000088000000, 0x0000000088000000| Untracked 
| 129|0x0000000088100000, 0x0000000088100000, 0x0000000088200000|  0%| F|  |TAMS 0x0000000088100000, 0x0000000088100000| Untracked 
| 130|0x0000000088200000, 0x0000000088200000, 0x0000000088300000|  0%| F|  |TAMS 0x0000000088200000, 0x0000000088200000| Untracked 
| 131|0x0000000088300000, 0x0000000088400000, 0x0000000088400000|100%| S|CS|TAMS 0x0000000088300000, 0x0000000088300000| Complete 
| 132|0x0000000088400000, 0x0000000088500000, 0x0000000088500000|100%| S|CS|TAMS 0x0000000088400000, 0x0000000088400000| Complete 
| 133|0x0000000088500000, 0x0000000088600000, 0x0000000088600000|100%| S|CS|TAMS 0x0000000088500000, 0x0000000088500000| Complete 
| 134|0x0000000088600000, 0x0000000088700000, 0x0000000088700000|100%| S|CS|TAMS 0x0000000088600000, 0x0000000088600000| Complete 
| 135|0x0000000088700000, 0x0000000088700000, 0x0000000088800000|  0%| F|  |TAMS 0x0000000088700000, 0x0000000088700000| Untracked 
| 136|0x0000000088800000, 0x0000000088800000, 0x0000000088900000|  0%| F|  |TAMS 0x0000000088800000, 0x0000000088800000| Untracked 
| 137|0x0000000088900000, 0x0000000088900000, 0x0000000088a00000|  0%| F|  |TAMS 0x0000000088900000, 0x0000000088900000| Untracked 
| 138|0x0000000088a00000, 0x0000000088b00000, 0x0000000088b00000|100%| S|CS|TAMS 0x0000000088a00000, 0x0000000088a00000| Complete 
| 139|0x0000000088b00000, 0x0000000088c00000, 0x0000000088c00000|100%| S|CS|TAMS 0x0000000088b00000, 0x0000000088b00000| Complete 
| 140|0x0000000088c00000, 0x0000000088d00000, 0x0000000088d00000|100%| S|CS|TAMS 0x0000000088c00000, 0x0000000088c00000| Complete 
| 141|0x0000000088d00000, 0x0000000088d00000, 0x0000000088e00000|  0%| F|  |TAMS 0x0000000088d00000, 0x0000000088d00000| Untracked 
| 142|0x0000000088e00000, 0x0000000088e00000, 0x0000000088f00000|  0%| F|  |TAMS 0x0000000088e00000, 0x0000000088e00000| Untracked 
| 143|0x0000000088f00000, 0x0000000088f00000, 0x0000000089000000|  0%| F|  |TAMS 0x0000000088f00000, 0x0000000088f00000| Untracked 
| 144|0x0000000089000000, 0x0000000089000000, 0x0000000089100000|  0%| F|  |TAMS 0x0000000089000000, 0x0000000089000000| Untracked 
| 145|0x0000000089100000, 0x0000000089100000, 0x0000000089200000|  0%| F|  |TAMS 0x0000000089100000, 0x0000000089100000| Untracked 
| 146|0x0000000089200000, 0x0000000089200000, 0x0000000089300000|  0%| F|  |TAMS 0x0000000089200000, 0x0000000089200000| Untracked 
| 147|0x0000000089300000, 0x0000000089300000, 0x0000000089400000|  0%| F|  |TAMS 0x0000000089300000, 0x0000000089300000| Untracked 
| 148|0x0000000089400000, 0x0000000089400000, 0x0000000089500000|  0%| F|  |TAMS 0x0000000089400000, 0x0000000089400000| Untracked 
| 149|0x0000000089500000, 0x0000000089500000, 0x0000000089600000|  0%| F|  |TAMS 0x0000000089500000, 0x0000000089500000| Untracked 
| 150|0x0000000089600000, 0x0000000089600000, 0x0000000089700000|  0%| F|  |TAMS 0x0000000089600000, 0x0000000089600000| Untracked 
| 151|0x0000000089700000, 0x0000000089700000, 0x0000000089800000|  0%| F|  |TAMS 0x0000000089700000, 0x0000000089700000| Untracked 
| 152|0x0000000089800000, 0x0000000089800000, 0x0000000089900000|  0%| F|  |TAMS 0x0000000089800000, 0x0000000089800000| Untracked 
| 153|0x0000000089900000, 0x0000000089900000, 0x0000000089a00000|  0%| F|  |TAMS 0x0000000089900000, 0x0000000089900000| Untracked 
| 154|0x0000000089a00000, 0x0000000089a00000, 0x0000000089b00000|  0%| F|  |TAMS 0x0000000089a00000, 0x0000000089a00000| Untracked 
| 155|0x0000000089b00000, 0x0000000089b00000, 0x0000000089c00000|  0%| F|  |TAMS 0x0000000089b00000, 0x0000000089b00000| Untracked 
| 156|0x0000000089c00000, 0x0000000089c00000, 0x0000000089d00000|  0%| F|  |TAMS 0x0000000089c00000, 0x0000000089c00000| Untracked 
| 157|0x0000000089d00000, 0x0000000089d00000, 0x0000000089e00000|  0%| F|  |TAMS 0x0000000089d00000, 0x0000000089d00000| Untracked 
| 158|0x0000000089e00000, 0x0000000089e00000, 0x0000000089f00000|  0%| F|  |TAMS 0x0000000089e00000, 0x0000000089e00000| Untracked 
| 159|0x0000000089f00000, 0x0000000089f00000, 0x000000008a000000|  0%| F|  |TAMS 0x0000000089f00000, 0x0000000089f00000| Untracked 
| 160|0x000000008a000000, 0x000000008a000000, 0x000000008a100000|  0%| F|  |TAMS 0x000000008a000000, 0x000000008a000000| Untracked 
| 161|0x000000008a100000, 0x000000008a100000, 0x000000008a200000|  0%| F|  |TAMS 0x000000008a100000, 0x000000008a100000| Untracked 
| 162|0x000000008a200000, 0x000000008a200000, 0x000000008a300000|  0%| F|  |TAMS 0x000000008a200000, 0x000000008a200000| Untracked 
| 163|0x000000008a300000, 0x000000008a300000, 0x000000008a400000|  0%| F|  |TAMS 0x000000008a300000, 0x000000008a300000| Untracked 
| 164|0x000000008a400000, 0x000000008a400000, 0x000000008a500000|  0%| F|  |TAMS 0x000000008a400000, 0x000000008a400000| Untracked 
| 165|0x000000008a500000, 0x000000008a500000, 0x000000008a600000|  0%| F|  |TAMS 0x000000008a500000, 0x000000008a500000| Untracked 
| 166|0x000000008a600000, 0x000000008a600000, 0x000000008a700000|  0%| F|  |TAMS 0x000000008a600000, 0x000000008a600000| Untracked 
| 167|0x000000008a700000, 0x000000008a700000, 0x000000008a800000|  0%| F|  |TAMS 0x000000008a700000, 0x000000008a700000| Untracked 
| 168|0x000000008a800000, 0x000000008a800000, 0x000000008a900000|  0%| F|  |TAMS 0x000000008a800000, 0x000000008a800000| Untracked 
| 169|0x000000008a900000, 0x000000008a900000, 0x000000008aa00000|  0%| F|  |TAMS 0x000000008a900000, 0x000000008a900000| Untracked 
| 170|0x000000008aa00000, 0x000000008aa00000, 0x000000008ab00000|  0%| F|  |TAMS 0x000000008aa00000, 0x000000008aa00000| Untracked 
| 171|0x000000008ab00000, 0x000000008ab00000, 0x000000008ac00000|  0%| F|  |TAMS 0x000000008ab00000, 0x000000008ab00000| Untracked 
| 172|0x000000008ac00000, 0x000000008ac00000, 0x000000008ad00000|  0%| F|  |TAMS 0x000000008ac00000, 0x000000008ac00000| Untracked 
| 173|0x000000008ad00000, 0x000000008ad00000, 0x000000008ae00000|  0%| F|  |TAMS 0x000000008ad00000, 0x000000008ad00000| Untracked 
| 174|0x000000008ae00000, 0x000000008ae00000, 0x000000008af00000|  0%| F|  |TAMS 0x000000008ae00000, 0x000000008ae00000| Untracked 
| 175|0x000000008af00000, 0x000000008af00000, 0x000000008b000000|  0%| F|  |TAMS 0x000000008af00000, 0x000000008af00000| Untracked 
| 176|0x000000008b000000, 0x000000008b000000, 0x000000008b100000|  0%| F|  |TAMS 0x000000008b000000, 0x000000008b000000| Untracked 
| 177|0x000000008b100000, 0x000000008b100000, 0x000000008b200000|  0%| F|  |TAMS 0x000000008b100000, 0x000000008b100000| Untracked 
| 178|0x000000008b200000, 0x000000008b200000, 0x000000008b300000|  0%| F|  |TAMS 0x000000008b200000, 0x000000008b200000| Untracked 
| 179|0x000000008b300000, 0x000000008b300000, 0x000000008b400000|  0%| F|  |TAMS 0x000000008b300000, 0x000000008b300000| Untracked 
| 180|0x000000008b400000, 0x000000008b400000, 0x000000008b500000|  0%| F|  |TAMS 0x000000008b400000, 0x000000008b400000| Untracked 
| 181|0x000000008b500000, 0x000000008b500000, 0x000000008b600000|  0%| F|  |TAMS 0x000000008b500000, 0x000000008b500000| Untracked 
| 182|0x000000008b600000, 0x000000008b600000, 0x000000008b700000|  0%| F|  |TAMS 0x000000008b600000, 0x000000008b600000| Untracked 
| 183|0x000000008b700000, 0x000000008b700000, 0x000000008b800000|  0%| F|  |TAMS 0x000000008b700000, 0x000000008b700000| Untracked 
| 184|0x000000008b800000, 0x000000008b800000, 0x000000008b900000|  0%| F|  |TAMS 0x000000008b800000, 0x000000008b800000| Untracked 
| 185|0x000000008b900000, 0x000000008b900000, 0x000000008ba00000|  0%| F|  |TAMS 0x000000008b900000, 0x000000008b900000| Untracked 
| 186|0x000000008ba00000, 0x000000008ba00000, 0x000000008bb00000|  0%| F|  |TAMS 0x000000008ba00000, 0x000000008ba00000| Untracked 
| 187|0x000000008bb00000, 0x000000008bb00000, 0x000000008bc00000|  0%| F|  |TAMS 0x000000008bb00000, 0x000000008bb00000| Untracked 
| 188|0x000000008bc00000, 0x000000008bc00000, 0x000000008bd00000|  0%| F|  |TAMS 0x000000008bc00000, 0x000000008bc00000| Untracked 
| 189|0x000000008bd00000, 0x000000008bd00000, 0x000000008be00000|  0%| F|  |TAMS 0x000000008bd00000, 0x000000008bd00000| Untracked 
| 190|0x000000008be00000, 0x000000008be00000, 0x000000008bf00000|  0%| F|  |TAMS 0x000000008be00000, 0x000000008be00000| Untracked 
| 191|0x000000008bf00000, 0x000000008bf00000, 0x000000008c000000|  0%| F|  |TAMS 0x000000008bf00000, 0x000000008bf00000| Untracked 
| 192|0x000000008c000000, 0x000000008c000000, 0x000000008c100000|  0%| F|  |TAMS 0x000000008c000000, 0x000000008c000000| Untracked 
| 193|0x000000008c100000, 0x000000008c100000, 0x000000008c200000|  0%| F|  |TAMS 0x000000008c100000, 0x000000008c100000| Untracked 
| 194|0x000000008c200000, 0x000000008c200000, 0x000000008c300000|  0%| F|  |TAMS 0x000000008c200000, 0x000000008c200000| Untracked 
| 195|0x000000008c300000, 0x000000008c300000, 0x000000008c400000|  0%| F|  |TAMS 0x000000008c300000, 0x000000008c300000| Untracked 
| 196|0x000000008c400000, 0x000000008c400000, 0x000000008c500000|  0%| F|  |TAMS 0x000000008c400000, 0x000000008c400000| Untracked 
| 197|0x000000008c500000, 0x000000008c500000, 0x000000008c600000|  0%| F|  |TAMS 0x000000008c500000, 0x000000008c500000| Untracked 
| 198|0x000000008c600000, 0x000000008c600000, 0x000000008c700000|  0%| F|  |TAMS 0x000000008c600000, 0x000000008c600000| Untracked 
| 199|0x000000008c700000, 0x000000008c700000, 0x000000008c800000|  0%| F|  |TAMS 0x000000008c700000, 0x000000008c700000| Untracked 
| 200|0x000000008c800000, 0x000000008c800000, 0x000000008c900000|  0%| F|  |TAMS 0x000000008c800000, 0x000000008c800000| Untracked 
| 201|0x000000008c900000, 0x000000008c900000, 0x000000008ca00000|  0%| F|  |TAMS 0x000000008c900000, 0x000000008c900000| Untracked 
| 202|0x000000008ca00000, 0x000000008ca00000, 0x000000008cb00000|  0%| F|  |TAMS 0x000000008ca00000, 0x000000008ca00000| Untracked 
| 203|0x000000008cb00000, 0x000000008cb00000, 0x000000008cc00000|  0%| F|  |TAMS 0x000000008cb00000, 0x000000008cb00000| Untracked 
| 204|0x000000008cc00000, 0x000000008cc00000, 0x000000008cd00000|  0%| F|  |TAMS 0x000000008cc00000, 0x000000008cc00000| Untracked 
| 205|0x000000008cd00000, 0x000000008cd00000, 0x000000008ce00000|  0%| F|  |TAMS 0x000000008cd00000, 0x000000008cd00000| Untracked 
| 206|0x000000008ce00000, 0x000000008ce00000, 0x000000008cf00000|  0%| F|  |TAMS 0x000000008ce00000, 0x000000008ce00000| Untracked 
| 207|0x000000008cf00000, 0x000000008cf00000, 0x000000008d000000|  0%| F|  |TAMS 0x000000008cf00000, 0x000000008cf00000| Untracked 
| 208|0x000000008d000000, 0x000000008d000000, 0x000000008d100000|  0%| F|  |TAMS 0x000000008d000000, 0x000000008d000000| Untracked 
| 209|0x000000008d100000, 0x000000008d100000, 0x000000008d200000|  0%| F|  |TAMS 0x000000008d100000, 0x000000008d100000| Untracked 
| 210|0x000000008d200000, 0x000000008d200000, 0x000000008d300000|  0%| F|  |TAMS 0x000000008d200000, 0x000000008d200000| Untracked 
| 211|0x000000008d300000, 0x000000008d300000, 0x000000008d400000|  0%| F|  |TAMS 0x000000008d300000, 0x000000008d300000| Untracked 
| 212|0x000000008d400000, 0x000000008d400000, 0x000000008d500000|  0%| F|  |TAMS 0x000000008d400000, 0x000000008d400000| Untracked 
| 213|0x000000008d500000, 0x000000008d500000, 0x000000008d600000|  0%| F|  |TAMS 0x000000008d500000, 0x000000008d500000| Untracked 
| 214|0x000000008d600000, 0x000000008d600000, 0x000000008d700000|  0%| F|  |TAMS 0x000000008d600000, 0x000000008d600000| Untracked 
| 215|0x000000008d700000, 0x000000008d700000, 0x000000008d800000|  0%| F|  |TAMS 0x000000008d700000, 0x000000008d700000| Untracked 
| 216|0x000000008d800000, 0x000000008d800000, 0x000000008d900000|  0%| F|  |TAMS 0x000000008d800000, 0x000000008d800000| Untracked 
| 217|0x000000008d900000, 0x000000008d900000, 0x000000008da00000|  0%| F|  |TAMS 0x000000008d900000, 0x000000008d900000| Untracked 
| 218|0x000000008da00000, 0x000000008da00000, 0x000000008db00000|  0%| F|  |TAMS 0x000000008da00000, 0x000000008da00000| Untracked 
| 219|0x000000008db00000, 0x000000008db00000, 0x000000008dc00000|  0%| F|  |TAMS 0x000000008db00000, 0x000000008db00000| Untracked 
| 220|0x000000008dc00000, 0x000000008dc00000, 0x000000008dd00000|  0%| F|  |TAMS 0x000000008dc00000, 0x000000008dc00000| Untracked 
| 221|0x000000008dd00000, 0x000000008dd00000, 0x000000008de00000|  0%| F|  |TAMS 0x000000008dd00000, 0x000000008dd00000| Untracked 
| 222|0x000000008de00000, 0x000000008de00000, 0x000000008df00000|  0%| F|  |TAMS 0x000000008de00000, 0x000000008de00000| Untracked 
| 223|0x000000008df00000, 0x000000008df00000, 0x000000008e000000|  0%| F|  |TAMS 0x000000008df00000, 0x000000008df00000| Untracked 
| 224|0x000000008e000000, 0x000000008e000000, 0x000000008e100000|  0%| F|  |TAMS 0x000000008e000000, 0x000000008e000000| Untracked 
| 225|0x000000008e100000, 0x000000008e100000, 0x000000008e200000|  0%| F|  |TAMS 0x000000008e100000, 0x000000008e100000| Untracked 
| 226|0x000000008e200000, 0x000000008e200000, 0x000000008e300000|  0%| F|  |TAMS 0x000000008e200000, 0x000000008e200000| Untracked 
| 227|0x000000008e300000, 0x000000008e300000, 0x000000008e400000|  0%| F|  |TAMS 0x000000008e300000, 0x000000008e300000| Untracked 
| 228|0x000000008e400000, 0x000000008e400000, 0x000000008e500000|  0%| F|  |TAMS 0x000000008e400000, 0x000000008e400000| Untracked 
| 229|0x000000008e500000, 0x000000008e500000, 0x000000008e600000|  0%| F|  |TAMS 0x000000008e500000, 0x000000008e500000| Untracked 
| 230|0x000000008e600000, 0x000000008e600000, 0x000000008e700000|  0%| F|  |TAMS 0x000000008e600000, 0x000000008e600000| Untracked 
| 231|0x000000008e700000, 0x000000008e700000, 0x000000008e800000|  0%| F|  |TAMS 0x000000008e700000, 0x000000008e700000| Untracked 
| 232|0x000000008e800000, 0x000000008e800000, 0x000000008e900000|  0%| F|  |TAMS 0x000000008e800000, 0x000000008e800000| Untracked 
| 233|0x000000008e900000, 0x000000008e900000, 0x000000008ea00000|  0%| F|  |TAMS 0x000000008e900000, 0x000000008e900000| Untracked 
| 234|0x000000008ea00000, 0x000000008ea00000, 0x000000008eb00000|  0%| F|  |TAMS 0x000000008ea00000, 0x000000008ea00000| Untracked 
| 235|0x000000008eb00000, 0x000000008eb00000, 0x000000008ec00000|  0%| F|  |TAMS 0x000000008eb00000, 0x000000008eb00000| Untracked 
| 236|0x000000008ec00000, 0x000000008ec00000, 0x000000008ed00000|  0%| F|  |TAMS 0x000000008ec00000, 0x000000008ec00000| Untracked 
| 237|0x000000008ed00000, 0x000000008ed00000, 0x000000008ee00000|  0%| F|  |TAMS 0x000000008ed00000, 0x000000008ed00000| Untracked 
| 238|0x000000008ee00000, 0x000000008ee00000, 0x000000008ef00000|  0%| F|  |TAMS 0x000000008ee00000, 0x000000008ee00000| Untracked 
| 239|0x000000008ef00000, 0x000000008ef00000, 0x000000008f000000|  0%| F|  |TAMS 0x000000008ef00000, 0x000000008ef00000| Untracked 
| 240|0x000000008f000000, 0x000000008f000000, 0x000000008f100000|  0%| F|  |TAMS 0x000000008f000000, 0x000000008f000000| Untracked 
| 241|0x000000008f100000, 0x000000008f100000, 0x000000008f200000|  0%| F|  |TAMS 0x000000008f100000, 0x000000008f100000| Untracked 
| 242|0x000000008f200000, 0x000000008f200000, 0x000000008f300000|  0%| F|  |TAMS 0x000000008f200000, 0x000000008f200000| Untracked 
| 243|0x000000008f300000, 0x000000008f300000, 0x000000008f400000|  0%| F|  |TAMS 0x000000008f300000, 0x000000008f300000| Untracked 
| 244|0x000000008f400000, 0x000000008f400000, 0x000000008f500000|  0%| F|  |TAMS 0x000000008f400000, 0x000000008f400000| Untracked 
| 245|0x000000008f500000, 0x000000008f500000, 0x000000008f600000|  0%| F|  |TAMS 0x000000008f500000, 0x000000008f500000| Untracked 
| 246|0x000000008f600000, 0x000000008f600000, 0x000000008f700000|  0%| F|  |TAMS 0x000000008f600000, 0x000000008f600000| Untracked 
| 247|0x000000008f700000, 0x000000008f700000, 0x000000008f800000|  0%| F|  |TAMS 0x000000008f700000, 0x000000008f700000| Untracked 
| 248|0x000000008f800000, 0x000000008f800000, 0x000000008f900000|  0%| F|  |TAMS 0x000000008f800000, 0x000000008f800000| Untracked 
| 249|0x000000008f900000, 0x000000008f900000, 0x000000008fa00000|  0%| F|  |TAMS 0x000000008f900000, 0x000000008f900000| Untracked 
| 250|0x000000008fa00000, 0x000000008fa00000, 0x000000008fb00000|  0%| F|  |TAMS 0x000000008fa00000, 0x000000008fa00000| Untracked 
| 251|0x000000008fb00000, 0x000000008fb00000, 0x000000008fc00000|  0%| F|  |TAMS 0x000000008fb00000, 0x000000008fb00000| Untracked 
| 252|0x000000008fc00000, 0x000000008fc00000, 0x000000008fd00000|  0%| F|  |TAMS 0x000000008fc00000, 0x000000008fc00000| Untracked 
| 253|0x000000008fd00000, 0x000000008fd00000, 0x000000008fe00000|  0%| F|  |TAMS 0x000000008fd00000, 0x000000008fd00000| Untracked 
| 254|0x000000008fe00000, 0x000000008fe00000, 0x000000008ff00000|  0%| F|  |TAMS 0x000000008fe00000, 0x000000008fe00000| Untracked 
| 255|0x000000008ff00000, 0x000000008ff00000, 0x0000000090000000|  0%| F|  |TAMS 0x000000008ff00000, 0x000000008ff00000| Untracked 
| 256|0x0000000090000000, 0x0000000090000000, 0x0000000090100000|  0%| F|  |TAMS 0x0000000090000000, 0x0000000090000000| Untracked 
| 257|0x0000000090100000, 0x0000000090100000, 0x0000000090200000|  0%| F|  |TAMS 0x0000000090100000, 0x0000000090100000| Untracked 
| 258|0x0000000090200000, 0x0000000090200000, 0x0000000090300000|  0%| F|  |TAMS 0x0000000090200000, 0x0000000090200000| Untracked 
| 259|0x0000000090300000, 0x0000000090300000, 0x0000000090400000|  0%| F|  |TAMS 0x0000000090300000, 0x0000000090300000| Untracked 
| 260|0x0000000090400000, 0x0000000090400000, 0x0000000090500000|  0%| F|  |TAMS 0x0000000090400000, 0x0000000090400000| Untracked 
| 261|0x0000000090500000, 0x0000000090500000, 0x0000000090600000|  0%| F|  |TAMS 0x0000000090500000, 0x0000000090500000| Untracked 
| 445|0x000000009bd00000, 0x000000009bd00000, 0x000000009be00000|  0%| F|  |TAMS 0x000000009bd00000, 0x000000009bd00000| Untracked 
| 446|0x000000009be00000, 0x000000009be00000, 0x000000009bf00000|  0%| F|  |TAMS 0x000000009be00000, 0x000000009be00000| Untracked 
| 454|0x000000009c600000, 0x000000009c600000, 0x000000009c700000|  0%| F|  |TAMS 0x000000009c600000, 0x000000009c600000| Untracked 
| 455|0x000000009c700000, 0x000000009c700000, 0x000000009c800000|  0%| F|  |TAMS 0x000000009c700000, 0x000000009c700000| Untracked 

Card table byte_map: [0x0000020557bb0000,0x0000020557fb0000] _byte_map_base: 0x00000205577b0000

Marking Bits (Prev, Next): (CMBitMap*) 0x000002053f1923f0, (CMBitMap*) 0x000002053f192430
 Prev Bits: [0x00000205583b0000, 0x000002055a3b0000)
 Next Bits: [0x000002055a3b0000, 0x000002055c3b0000)

Polling page: 0x000002053f210000

Metaspace:

Usage:
  Non-class:     98.46 MB used.
      Class:     13.50 MB used.
       Both:    111.96 MB used.

Virtual space:
  Non-class space:      104.00 MB reserved,      98.75 MB ( 95%) committed,  13 nodes.
      Class space:      412.00 MB reserved,      13.75 MB (  3%) committed,  1 nodes.
             Both:      516.00 MB reserved,     112.50 MB ( 22%) committed. 

Chunk freelists:
   Non-Class:  576.00 KB
       Class:  2.06 MB
        Both:  2.62 MB

MaxMetaspaceSize: 512.00 MB
CompressedClassSpaceSize: 412.00 MB
Initial GC threshold: 21.00 MB
Current GC threshold: 153.88 MB
CDS: on
MetaspaceReclaimPolicy: balanced
 - commit_granule_bytes: 65536.
 - commit_granule_words: 8192.
 - virtual_space_node_default_size: 1048576.
 - enlarge_chunks_in_place: 1.
 - new_chunks_are_fully_committed: 0.
 - uncommit_free_chunks: 1.
 - use_allocation_guard: 0.
 - handle_deallocations: 1.


Internal statistics:

num_allocs_failed_limit: 12.
num_arena_births: 768.
num_arena_deaths: 4.
num_vsnodes_births: 14.
num_vsnodes_deaths: 0.
num_space_committed: 1798.
num_space_uncommitted: 0.
num_chunks_returned_to_freelist: 28.
num_chunks_taken_from_freelist: 4724.
num_chunk_merges: 13.
num_chunk_splits: 3622.
num_chunks_enlarged: 2937.
num_purges: 4.
num_inconsistent_stats: 0.

CodeHeap 'non-profiled nmethods': size=120000Kb used=12044Kb max_used=12388Kb free=107955Kb
 bounds [0x000002054fc50000, 0x00000205508b0000, 0x0000020557180000]
CodeHeap 'profiled nmethods': size=120000Kb used=43175Kb max_used=45090Kb free=76825Kb
 bounds [0x0000020548720000, 0x000002054b360000, 0x000002054fc50000]
CodeHeap 'non-nmethods': size=5760Kb used=2505Kb max_used=2569Kb free=3254Kb
 bounds [0x0000020548180000, 0x0000020548410000, 0x0000020548720000]
 total_blobs=18331 nmethods=17296 adapters=945
 compilation: enabled
              stopped_count=0, restarted_count=0
 full_count=0

Compilation events (20 events):
Event: 188.837 Thread 0x000002055e9c8af0 nmethod 22309 0x00000205488cd690 code [0x00000205488cd8e0, 0x00000205488ce388]
Event: 188.841 Thread 0x000002055e9c8af0 22310       3       org.objectweb.asm.ClassReader::readTypeAnnotationTarget (596 bytes)
Event: 188.844 Thread 0x000002055e9c8af0 nmethod 22310 0x0000020548aa6790 code [0x0000020548aa6aa0, 0x0000020548aa88b8]
Event: 188.931 Thread 0x000002055e9c8af0 22312       3       sun.nio.ch.NativeDispatcher::<init> (5 bytes)
Event: 188.931 Thread 0x000002055e9c8af0 nmethod 22312 0x0000020548773a10 code [0x0000020548773ba0, 0x0000020548773cf8]
Event: 188.933 Thread 0x000002055e9b8c10 nmethod 22307 0x000002054fe8ea10 code [0x000002054fe8ee00, 0x000002054fe91230]
Event: 188.933 Thread 0x000002055e9b8c10 22311 %     4       org.gradle.cache.internal.btree.BTreePersistentIndexedCache$IndexBlock::write @ 23 (87 bytes)
Event: 188.954 Thread 0x000002055e9b8c10 nmethod 22311% 0x000002054ffff810 code [0x000002054ffffa00, 0x0000020550000298]
Event: 188.966 Thread 0x000002055e9c8af0 22313       3       sun.util.calendar.ZoneInfo::getOffsets (8 bytes)
Event: 188.967 Thread 0x000002055e9c8af0 nmethod 22313 0x0000020548780c10 code [0x0000020548780da0, 0x0000020548780ee8]
Event: 188.969 Thread 0x0000020563dc6df0 nmethod 22287 0x0000020550893690 code [0x0000020550893e40, 0x000002055089ed50]
Event: 188.997 Thread 0x000002055e9b8c10 22314       4       org.objectweb.asm.FieldWriter::putFieldInfo (269 bytes)
Event: 189.002 Thread 0x000002055e9c8af0 22315       3       org.gradle.internal.classpath.InstrumentingTransformer$InstrumentingMethodVisitor::binaryClassNameOf (8 bytes)
Event: 189.003 Thread 0x000002055e9c8af0 nmethod 22315 0x00000205487d7a10 code [0x00000205487d7bc0, 0x00000205487d7d38]
Event: 189.003 Thread 0x000002055e9c8af0 22316       3       org.objectweb.asm.Type::getClassName (173 bytes)
Event: 189.004 Thread 0x000002055e9c8af0 nmethod 22316 0x0000020548802510 code [0x00000205488028a0, 0x0000020548803d48]
Event: 189.020 Thread 0x000002055e9b8c10 nmethod 22314 0x000002055004e310 code [0x000002055004e540, 0x000002055004f460]
Event: 189.024 Thread 0x000002055e9b8c10 22317       4       org.objectweb.asm.ClassWriter::toByteArray (1535 bytes)
Event: 189.027 Thread 0x0000020563dc6df0 22318       4       jdk.internal.ref.PhantomCleanable::clean (16 bytes)
Event: 189.034 Thread 0x0000020563dc6df0 nmethod 22318 0x000002054ffd2a10 code [0x000002054ffd2ba0, 0x000002054ffd3108]

GC Heap History (20 events):
Event: 57.992 GC heap after
{Heap after GC invocations=67 (full 0):
 garbage-first heap   total 272384K, used 96923K [0x0000000080000000, 0x0000000100000000)
  region size 1024K, 1 young (1024K), 1 survivors (1024K)
 Metaspace       used 93989K, committed 94592K, reserved 512000K
  class space    used 11172K, committed 11456K, reserved 421888K
}
Event: 58.022 GC heap before
{Heap before GC invocations=67 (full 0):
 garbage-first heap   total 272384K, used 109211K [0x0000000080000000, 0x0000000100000000)
  region size 1024K, 13 young (13312K), 1 survivors (1024K)
 Metaspace       used 93996K, committed 94592K, reserved 512000K
  class space    used 11172K, committed 11456K, reserved 421888K
}
Event: 58.030 GC heap after
{Heap after GC invocations=68 (full 0):
 garbage-first heap   total 272384K, used 78788K [0x0000000080000000, 0x0000000100000000)
  region size 1024K, 1 young (1024K), 1 survivors (1024K)
 Metaspace       used 93996K, committed 94592K, reserved 512000K
  class space    used 11172K, committed 11456K, reserved 421888K
}
Event: 60.001 GC heap before
{Heap before GC invocations=68 (full 0):
 garbage-first heap   total 272384K, used 246724K [0x0000000080000000, 0x0000000100000000)
  region size 1024K, 155 young (158720K), 1 survivors (1024K)
 Metaspace       used 98968K, committed 99520K, reserved 512000K
  class space    used 11835K, committed 12096K, reserved 421888K
}
Event: 60.033 GC heap after
{Heap after GC invocations=69 (full 0):
 garbage-first heap   total 272384K, used 99063K [0x0000000080000000, 0x0000000100000000)
  region size 1024K, 16 young (16384K), 16 survivors (16384K)
 Metaspace       used 98968K, committed 99520K, reserved 512000K
  class space    used 11835K, committed 12096K, reserved 421888K
}
Event: 62.661 GC heap before
{Heap before GC invocations=69 (full 0):
 garbage-first heap   total 272384K, used 225015K [0x0000000080000000, 0x0000000100000000)
  region size 1024K, 138 young (141312K), 16 survivors (16384K)
 Metaspace       used 103596K, committed 104192K, reserved 520192K
  class space    used 12560K, committed 12800K, reserved 421888K
}
Event: 62.676 GC heap after
{Heap after GC invocations=70 (full 0):
 garbage-first heap   total 272384K, used 95522K [0x0000000080000000, 0x0000000100000000)
  region size 1024K, 3 young (3072K), 3 survivors (3072K)
 Metaspace       used 103596K, committed 104192K, reserved 520192K
  class space    used 12560K, committed 12800K, reserved 421888K
}
Event: 81.832 GC heap before
{Heap before GC invocations=70 (full 0):
 garbage-first heap   total 272384K, used 227618K [0x0000000080000000, 0x0000000100000000)
  region size 1024K, 131 young (134144K), 3 survivors (3072K)
 Metaspace       used 113662K, committed 114304K, reserved 528384K
  class space    used 13773K, committed 14080K, reserved 421888K
}
Event: 81.845 GC heap after
{Heap after GC invocations=71 (full 0):
 garbage-first heap   total 272384K, used 99045K [0x0000000080000000, 0x0000000100000000)
  region size 1024K, 6 young (6144K), 6 survivors (6144K)
 Metaspace       used 113662K, committed 114304K, reserved 528384K
  class space    used 13773K, committed 14080K, reserved 421888K
}
Event: 185.705 GC heap before
{Heap before GC invocations=71 (full 0):
 garbage-first heap   total 272384K, used 229093K [0x0000000080000000, 0x0000000100000000)
  region size 1024K, 132 young (135168K), 6 survivors (6144K)
 Metaspace       used 114633K, committed 115200K, reserved 528384K
  class space    used 13826K, committed 14080K, reserved 421888K
}
Event: 185.731 GC heap after
{Heap after GC invocations=72 (full 0):
 garbage-first heap   total 272384K, used 101923K [0x0000000080000000, 0x0000000100000000)
  region size 1024K, 8 young (8192K), 8 survivors (8192K)
 Metaspace       used 114633K, committed 115200K, reserved 528384K
  class space    used 13826K, committed 14080K, reserved 421888K
}
Event: 186.352 GC heap before
{Heap before GC invocations=72 (full 0):
 garbage-first heap   total 272384K, used 228899K [0x0000000080000000, 0x0000000100000000)
  region size 1024K, 133 young (136192K), 8 survivors (8192K)
 Metaspace       used 114639K, committed 115200K, reserved 528384K
  class space    used 13826K, committed 14080K, reserved 421888K
}
Event: 186.369 GC heap after
{Heap after GC invocations=73 (full 0):
 garbage-first heap   total 272384K, used 102516K [0x0000000080000000, 0x0000000100000000)
  region size 1024K, 9 young (9216K), 9 survivors (9216K)
 Metaspace       used 114639K, committed 115200K, reserved 528384K
  class space    used 13826K, committed 14080K, reserved 421888K
}
Event: 187.089 GC heap before
{Heap before GC invocations=73 (full 0):
 garbage-first heap   total 272384K, used 233588K [0x0000000080000000, 0x0000000100000000)
  region size 1024K, 135 young (138240K), 9 survivors (9216K)
 Metaspace       used 114643K, committed 115200K, reserved 528384K
  class space    used 13826K, committed 14080K, reserved 421888K
}
Event: 187.103 GC heap after
{Heap after GC invocations=74 (full 0):
 garbage-first heap   total 272384K, used 105616K [0x0000000080000000, 0x0000000100000000)
  region size 1024K, 9 young (9216K), 9 survivors (9216K)
 Metaspace       used 114643K, committed 115200K, reserved 528384K
  class space    used 13826K, committed 14080K, reserved 421888K
}
Event: 187.609 GC heap before
{Heap before GC invocations=74 (full 0):
 garbage-first heap   total 272384K, used 236688K [0x0000000080000000, 0x0000000100000000)
  region size 1024K, 134 young (137216K), 9 survivors (9216K)
 Metaspace       used 114649K, committed 115200K, reserved 528384K
  class space    used 13826K, committed 14080K, reserved 421888K
}
Event: 187.622 GC heap after
{Heap after GC invocations=75 (full 0):
 garbage-first heap   total 272384K, used 106274K [0x0000000080000000, 0x0000000100000000)
  region size 1024K, 9 young (9216K), 9 survivors (9216K)
 Metaspace       used 114649K, committed 115200K, reserved 528384K
  class space    used 13826K, committed 14080K, reserved 421888K
}
Event: 188.428 GC heap before
{Heap before GC invocations=75 (full 0):
 garbage-first heap   total 272384K, used 235298K [0x0000000080000000, 0x0000000100000000)
  region size 1024K, 135 young (138240K), 9 survivors (9216K)
 Metaspace       used 114649K, committed 115200K, reserved 528384K
  class space    used 13826K, committed 14080K, reserved 421888K
}
Event: 188.447 GC heap after
{Heap after GC invocations=76 (full 0):
 garbage-first heap   total 272384K, used 106274K [0x0000000080000000, 0x0000000100000000)
  region size 1024K, 10 young (10240K), 10 survivors (10240K)
 Metaspace       used 114649K, committed 115200K, reserved 528384K
  class space    used 13826K, committed 14080K, reserved 421888K
}
Event: 189.040 GC heap before
{Heap before GC invocations=76 (full 0):
 garbage-first heap   total 272384K, used 234274K [0x0000000080000000, 0x0000000100000000)
  region size 1024K, 135 young (138240K), 10 survivors (10240K)
 Metaspace       used 114649K, committed 115200K, reserved 528384K
  class space    used 13826K, committed 14080K, reserved 421888K
}

Deoptimization events (20 events):
Event: 188.926 Thread 0x0000020560bbe570 DEOPT PACKING pc=0x000002054b356587 sp=0x000000f4894fdde0
Event: 188.926 Thread 0x0000020560bbe570 DEOPT UNPACKING pc=0x00000205481d6763 sp=0x000000f4894fd4f0 mode 0
Event: 188.934 Thread 0x0000020560bbe570 DEOPT PACKING pc=0x000002054b356587 sp=0x000000f4894fdde0
Event: 188.934 Thread 0x0000020560bbe570 DEOPT UNPACKING pc=0x00000205481d6763 sp=0x000000f4894fd4f0 mode 0
Event: 188.944 Thread 0x00000205646f30a0 DEOPT PACKING pc=0x000002054b35541a sp=0x000000f4896fdf80
Event: 188.944 Thread 0x00000205646f30a0 DEOPT UNPACKING pc=0x00000205481d6763 sp=0x000000f4896fd690 mode 0
Event: 188.945 Thread 0x0000020560bbe570 DEOPT PACKING pc=0x000002054b35541a sp=0x000000f4894fdde0
Event: 188.945 Thread 0x0000020560bbe570 DEOPT UNPACKING pc=0x00000205481d6763 sp=0x000000f4894fd4f0 mode 0
Event: 188.946 Thread 0x00000205646f30a0 DEOPT PACKING pc=0x000002054b356587 sp=0x000000f4896fdf80
Event: 188.946 Thread 0x00000205646f30a0 DEOPT UNPACKING pc=0x00000205481d6763 sp=0x000000f4896fd690 mode 0
Event: 188.949 Thread 0x00000205646f30a0 DEOPT PACKING pc=0x000002054b35541a sp=0x000000f4896fdf80
Event: 188.949 Thread 0x00000205646f30a0 DEOPT UNPACKING pc=0x00000205481d6763 sp=0x000000f4896fd690 mode 0
Event: 188.951 Thread 0x0000020560bbe570 DEOPT PACKING pc=0x000002054b356587 sp=0x000000f4894fdde0
Event: 188.951 Thread 0x0000020560bbe570 DEOPT UNPACKING pc=0x00000205481d6763 sp=0x000000f4894fd4f0 mode 0
Event: 188.952 Thread 0x00000205646f30a0 DEOPT PACKING pc=0x000002054b356587 sp=0x000000f4896fdf80
Event: 188.952 Thread 0x00000205646f30a0 DEOPT UNPACKING pc=0x00000205481d6763 sp=0x000000f4896fd690 mode 0
Event: 188.959 Thread 0x00000205646f30a0 DEOPT PACKING pc=0x000002054b35541a sp=0x000000f4896fdf80
Event: 188.959 Thread 0x00000205646f30a0 DEOPT UNPACKING pc=0x00000205481d6763 sp=0x000000f4896fd690 mode 0
Event: 188.968 Thread 0x0000020560bbe570 DEOPT PACKING pc=0x000002054b356587 sp=0x000000f4894fdde0
Event: 188.968 Thread 0x0000020560bbe570 DEOPT UNPACKING pc=0x00000205481d6763 sp=0x000000f4894fd4f0 mode 0

Classes unloaded (20 events):
Event: 34.864 Thread 0x000002055e998450 Unloading class 0x0000000801118000 'ReactNativeModules$_generateRncliCpp_closure15$_closure22'
Event: 34.864 Thread 0x000002055e998450 Unloading class 0x0000000801117a98 'ReactNativeModules$_generateRncliCpp_closure15'
Event: 34.864 Thread 0x000002055e998450 Unloading class 0x00000008011176b0 'ReactNativeModules$_generateRncliCpp_closure14'
Event: 34.864 Thread 0x000002055e998450 Unloading class 0x00000008011172c8 'ReactNativeModules$_generateRncliCpp_closure13'
Event: 34.864 Thread 0x000002055e998450 Unloading class 0x0000000801116ee0 'ReactNativeModules$_generateCmakeFile_closure12'
Event: 34.864 Thread 0x000002055e998450 Unloading class 0x0000000801116af8 'ReactNativeModules$_generateCmakeFile_closure11'
Event: 34.864 Thread 0x000002055e998450 Unloading class 0x0000000801116710 'ReactNativeModules$_generateCmakeFile_closure10'
Event: 34.864 Thread 0x000002055e998450 Unloading class 0x0000000801116328 'ReactNativeModules$_generateAndroidMkFile_closure9'
Event: 34.864 Thread 0x000002055e998450 Unloading class 0x0000000801115f40 'ReactNativeModules$_generateAndroidMkFile_closure8'
Event: 34.864 Thread 0x000002055e998450 Unloading class 0x0000000801115b58 'ReactNativeModules$_generateAndroidMkFile_closure7'
Event: 34.864 Thread 0x000002055e998450 Unloading class 0x0000000801115770 'ReactNativeModules$_generatePackagesFile_closure6'
Event: 34.864 Thread 0x000002055e998450 Unloading class 0x0000000801115388 'ReactNativeModules$_generatePackagesFile_closure5'
Event: 34.864 Thread 0x000002055e998450 Unloading class 0x0000000801114fa0 'ReactNativeModules$_generatePackagesFile_closure4'
Event: 34.864 Thread 0x000002055e998450 Unloading class 0x0000000801114bb8 'ReactNativeModules$_generatePackagesFile_closure3$_closure21'
Event: 34.864 Thread 0x000002055e998450 Unloading class 0x00000008011147d0 'ReactNativeModules$_generatePackagesFile_closure3'
Event: 34.864 Thread 0x000002055e998450 Unloading class 0x00000008011143e8 'ReactNativeModules$_addReactNativeModuleDependencies_closure2$_closure19$_closure20'
Event: 34.864 Thread 0x000002055e998450 Unloading class 0x0000000801114000 'ReactNativeModules$_addReactNativeModuleDependencies_closure2$_closure19'
Event: 34.864 Thread 0x000002055e998450 Unloading class 0x0000000801109400 'ReactNativeModules$_addReactNativeModuleDependencies_closure2'
Event: 34.864 Thread 0x000002055e998450 Unloading class 0x0000000801109ab8 'ReactNativeModules$_addReactNativeModuleProjects_closure1'
Event: 34.864 Thread 0x000002055e998450 Unloading class 0x0000000801109800 'ReactNativeModules'

Classes redefined (0 events):
No events

Internal exceptions (20 events):
Event: 188.803 Thread 0x00000205646f30a0 Exception <a 'sun/nio/fs/WindowsException'{0x000000009c7c5790}> (0x000000009c7c5790) 
thrown [s\open\src\hotspot\share\prims\jni.cpp, line 516]
Event: 188.811 Thread 0x00000205646f3570 Exception <a 'sun/nio/fs/WindowsException'{0x000000008fbe8d80}> (0x000000008fbe8d80) 
thrown [s\open\src\hotspot\share\prims\jni.cpp, line 516]
Event: 188.812 Thread 0x0000020560bbd700 Exception <a 'sun/nio/fs/WindowsException'{0x000000008fa1eb38}> (0x000000008fa1eb38) 
thrown [s\open\src\hotspot\share\prims\jni.cpp, line 516]
Event: 188.812 Thread 0x00000205646f30a0 Exception <a 'sun/nio/fs/WindowsException'{0x000000009c7ea860}> (0x000000009c7ea860) 
thrown [s\open\src\hotspot\share\prims\jni.cpp, line 516]
Event: 188.819 Thread 0x00000205646f3570 Exception <a 'sun/nio/fs/WindowsException'{0x000000008d3ef548}> (0x000000008d3ef548) 
thrown [s\open\src\hotspot\share\prims\jni.cpp, line 516]
Event: 188.820 Thread 0x00000205646f3570 Exception <a 'sun/nio/fs/WindowsException'{0x000000008d3ef6d0}> (0x000000008d3ef6d0) 
thrown [s\open\src\hotspot\share\prims\jni.cpp, line 516]
Event: 188.833 Thread 0x0000020560bbd700 Exception <a 'sun/nio/fs/WindowsException'{0x000000008fa1ed78}> (0x000000008fa1ed78) 
thrown [s\open\src\hotspot\share\prims\jni.cpp, line 516]
Event: 188.905 Thread 0x00000205646f30a0 Exception <a 'sun/nio/fs/WindowsException'{0x000000008c8e9100}> (0x000000008c8e9100) 
thrown [s\open\src\hotspot\share\prims\jni.cpp, line 516]
Event: 188.926 Thread 0x00000205646f30a0 Exception <a 'sun/nio/fs/WindowsException'{0x000000008c8e92a8}> (0x000000008c8e92a8) 
thrown [s\open\src\hotspot\share\prims\jni.cpp, line 516]
Event: 188.928 Thread 0x00000205646f3570 Exception <a 'sun/nio/fs/WindowsException'{0x000000008d3f6f88}> (0x000000008d3f6f88) 
thrown [s\open\src\hotspot\share\prims\jni.cpp, line 516]
Event: 188.939 Thread 0x00000205646f30a0 Exception <a 'sun/nio/fs/WindowsException'{0x000000008c22dc90}> (0x000000008c22dc90) 
thrown [s\open\src\hotspot\share\prims\jni.cpp, line 516]
Event: 188.940 Thread 0x00000205646f3570 Exception <a 'sun/nio/fs/WindowsException'{0x000000008c2f6698}> (0x000000008c2f6698) 
thrown [s\open\src\hotspot\share\prims\jni.cpp, line 516]
Event: 188.954 Thread 0x00000205646f3570 Exception <a 'sun/nio/fs/WindowsException'{0x000000008c2f6848}> (0x000000008c2f6848) 
thrown [s\open\src\hotspot\share\prims\jni.cpp, line 516]
Event: 188.962 Thread 0x0000020560bbd700 Exception <a 'sun/nio/fs/WindowsException'{0x000000008fa277e8}> (0x000000008fa277e8) 
thrown [s\open\src\hotspot\share\prims\jni.cpp, line 516]
Event: 188.971 Thread 0x0000020560bbd700 Exception <a 'sun/nio/fs/WindowsException'{0x000000008b4f3720}> (0x000000008b4f3720) 
thrown [s\open\src\hotspot\share\prims\jni.cpp, line 516]
Event: 188.972 Thread 0x0000020560bbd700 Exception <a 'sun/nio/fs/WindowsException'{0x000000008b4f38f0}> (0x000000008b4f38f0) 
thrown [s\open\src\hotspot\share\prims\jni.cpp, line 516]
Event: 188.987 Thread 0x00000205646f3570 Exception <a 'sun/nio/fs/WindowsException'{0x000000008aea0b48}> (0x000000008aea0b48) 
thrown [s\open\src\hotspot\share\prims\jni.cpp, line 516]
Event: 188.989 Thread 0x0000020560bbd700 Exception <a 'sun/nio/fs/WindowsException'{0x000000008ab54f28}> (0x000000008ab54f28) 
thrown [s\open\src\hotspot\share\prims\jni.cpp, line 516]
Event: 189.026 Thread 0x00000205646f30a0 Exception <a 'sun/nio/fs/WindowsException'{0x0000000089164100}> (0x0000000089164100) 
thrown [s\open\src\hotspot\share\prims\jni.cpp, line 516]
Event: 189.040 Thread 0x00000205646f30a0 Exception <a 'sun/nio/fs/WindowsException'{0x00000000891642d8}> (0x00000000891642d8) 
thrown [s\open\src\hotspot\share\prims\jni.cpp, line 516]

VM Operations (20 events):
Event: 186.370 Executing VM operation: G1CollectForAllocation done
Event: 186.410 Executing VM operation: HandshakeAllThreads
Event: 186.416 Executing VM operation: HandshakeAllThreads done
Event: 187.088 Executing VM operation: G1CollectForAllocation
Event: 187.107 Executing VM operation: G1CollectForAllocation done
Event: 187.608 Executing VM operation: G1CollectForAllocation
Event: 187.608 Executing VM operation: G1CollectForAllocation done
Event: 187.609 Executing VM operation: G1CollectForAllocation
Event: 187.622 Executing VM operation: G1CollectForAllocation done
Event: 187.648 Executing VM operation: HandshakeAllThreads
Event: 187.648 Executing VM operation: HandshakeAllThreads done
Event: 187.754 Executing VM operation: HandshakeAllThreads
Event: 187.790 Executing VM operation: HandshakeAllThreads done
Event: 188.417 Executing VM operation: G1CollectForAllocation
Event: 188.454 Executing VM operation: G1CollectForAllocation done
Event: 188.969 Executing VM operation: HandshakeAllThreads
Event: 188.969 Executing VM operation: HandshakeAllThreads done
Event: 189.039 Executing VM operation: G1CollectForAllocation
Event: 189.040 Executing VM operation: G1CollectForAllocation done
Event: 189.040 Executing VM operation: G1CollectForAllocation

Events (20 events):
Event: 189.015 Thread 0x000002055e9c9bf0 flushing nmethod 0x000002054b2a5a10
Event: 189.015 Thread 0x000002055e9c9bf0 flushing nmethod 0x000002054b2a5e90
Event: 189.015 Thread 0x000002055e9c9bf0 flushing nmethod 0x000002054b2a7090
Event: 189.015 Thread 0x000002055e9c9bf0 flushing nmethod 0x000002054b2a9090
Event: 189.015 Thread 0x000002055e9c9bf0 flushing nmethod 0x000002054b2a9510
Event: 189.015 Thread 0x000002055e9c9bf0 flushing nmethod 0x000002054b2a9d90
Event: 189.015 Thread 0x000002055e9c9bf0 flushing nmethod 0x000002054b2acc10
Event: 189.015 Thread 0x000002055e9c9bf0 flushing nmethod 0x000002054b2af210
Event: 189.015 Thread 0x000002055e9c9bf0 flushing nmethod 0x000002054b2b0990
Event: 189.015 Thread 0x000002055e9c9bf0 flushing nmethod 0x000002054b2b1610
Event: 189.015 Thread 0x000002055e9c9bf0 flushing nmethod 0x000002054b2b1b10
Event: 189.015 Thread 0x000002055e9c9bf0 flushing nmethod 0x000002054b2b2290
Event: 189.015 Thread 0x000002055e9c9bf0 flushing nmethod 0x000002054b2b4d90
Event: 189.015 Thread 0x000002055e9c9bf0 flushing nmethod 0x000002054b2b6010
Event: 189.015 Thread 0x000002055e9c9bf0 flushing nmethod 0x000002054b2b8510
Event: 189.015 Thread 0x000002055e9c9bf0 flushing nmethod 0x000002054b2b9f10
Event: 189.015 Thread 0x000002055e9c9bf0 flushing nmethod 0x000002054b2bc690
Event: 189.015 Thread 0x000002055e9c9bf0 flushing nmethod 0x000002054b2c3e10
Event: 189.015 Thread 0x000002055e9c9bf0 flushing nmethod 0x000002054b2fa510
Event: 189.015 Thread 0x000002055e9c9bf0 flushing nmethod 0x000002054b2ff590


Dynamic libraries:
0x00007ff6d82c0000 - 0x00007ff6d82d0000 	C:\Program Files\Java\jdk-17.0.4.1\bin\java.exe
0x00007ffac2fa0000 - 0x00007ffac31a9000 	C:\WINDOWS\SYSTEM32\ntdll.dll
0x00007ffac2bc0000 - 0x00007ffac2c7d000 	C:\WINDOWS\System32\KERNEL32.DLL
0x00007ffac09f0000 - 0x00007ffac0d6d000 	C:\WINDOWS\System32\KERNELBASE.dll
0x00007ffac04f0000 - 0x00007ffac0601000 	C:\WINDOWS\System32\ucrtbase.dll
0x00007ffa9a6c0000 - 0x00007ffa9a6d8000 	C:\Program Files\Java\jdk-17.0.4.1\bin\jli.dll
0x00007ffa9a720000 - 0x00007ffa9a73a000 	C:\Program Files\Java\jdk-17.0.4.1\bin\VCRUNTIME140.dll
0x00007ffac0fa0000 - 0x00007ffac104e000 	C:\WINDOWS\System32\ADVAPI32.dll
0x00007ffac2a40000 - 0x00007ffac2ae3000 	C:\WINDOWS\System32\msvcrt.dll
0x00007ffac0e30000 - 0x00007ffac0ece000 	C:\WINDOWS\System32\sechost.dll
0x00007ffac1770000 - 0x00007ffac1890000 	C:\WINDOWS\System32\RPCRT4.dll
0x00007ffac1e30000 - 0x00007ffac1fdd000 	C:\WINDOWS\System32\USER32.dll
0x00007ffaab7d0000 - 0x00007ffaaba75000 	C:\WINDOWS\WinSxS\amd64_microsoft.windows.common-controls_6595b64144ccf1df_6.0.22000.120_none_9d947278b86cc467\COMCTL32.dll
0x00007ffac0730000 - 0x00007ffac0756000 	C:\WINDOWS\System32\win32u.dll
0x00007ffac2c80000 - 0x00007ffac2ca9000 	C:\WINDOWS\System32\GDI32.dll
0x00007ffac0610000 - 0x00007ffac0728000 	C:\WINDOWS\System32\gdi32full.dll
0x00007ffac0760000 - 0x00007ffac07fd000 	C:\WINDOWS\System32\msvcp_win.dll
0x00007ffab5340000 - 0x00007ffab534a000 	C:\WINDOWS\SYSTEM32\VERSION.dll
0x00007ffac0ef0000 - 0x00007ffac0f21000 	C:\WINDOWS\System32\IMM32.DLL
0x00007ffaaa9a0000 - 0x00007ffaaa9ac000 	C:\Program Files\Java\jdk-17.0.4.1\bin\vcruntime140_1.dll
0x00007ffa8a0a0000 - 0x00007ffa8a12d000 	C:\Program Files\Java\jdk-17.0.4.1\bin\msvcp140.dll
0x00007ffa5b5e0000 - 0x00007ffa5c1a2000 	C:\Program Files\Java\jdk-17.0.4.1\bin\server\jvm.dll
0x00007ffac1260000 - 0x00007ffac1268000 	C:\WINDOWS\System32\PSAPI.DLL
0x00007ffab7bf0000 - 0x00007ffab7c23000 	C:\WINDOWS\SYSTEM32\WINMM.dll
0x00007ffaa7450000 - 0x00007ffaa7459000 	C:\WINDOWS\SYSTEM32\WSOCK32.dll
0x00007ffac0f30000 - 0x00007ffac0f9f000 	C:\WINDOWS\System32\WS2_32.dll
0x00007ffabf670000 - 0x00007ffabf688000 	C:\WINDOWS\SYSTEM32\kernel.appcore.dll
0x00007ffaa82c0000 - 0x00007ffaa82ca000 	C:\Program Files\Java\jdk-17.0.4.1\bin\jimage.dll
0x00007ffabda20000 - 0x00007ffabdc41000 	C:\WINDOWS\SYSTEM32\DBGHELP.DLL
0x00007ffaa7120000 - 0x00007ffaa7151000 	C:\WINDOWS\SYSTEM32\dbgcore.DLL
0x00007ffac0970000 - 0x00007ffac09ef000 	C:\WINDOWS\System32\bcryptPrimitives.dll
0x00007ffa972a0000 - 0x00007ffa972c5000 	C:\Program Files\Java\jdk-17.0.4.1\bin\java.dll
0x00007ffa846c0000 - 0x00007ffa84796000 	C:\Program Files\Java\jdk-17.0.4.1\bin\jsvml.dll
0x00007ffac21a0000 - 0x00007ffac2958000 	C:\WINDOWS\System32\SHELL32.dll
0x00007ffabe600000 - 0x00007ffabee68000 	C:\WINDOWS\SYSTEM32\windows.storage.dll
0x00007ffac1270000 - 0x00007ffac15e9000 	C:\WINDOWS\System32\combase.dll
0x00007ffabe490000 - 0x00007ffabe5f6000 	C:\WINDOWS\SYSTEM32\wintypes.dll
0x00007ffac2e50000 - 0x00007ffac2f3a000 	C:\WINDOWS\System32\SHCORE.dll
0x00007ffac2af0000 - 0x00007ffac2b4d000 	C:\WINDOWS\System32\shlwapi.dll
0x00007ffac03b0000 - 0x00007ffac03d1000 	C:\WINDOWS\SYSTEM32\profapi.dll
0x00007ffa996b0000 - 0x00007ffa996c9000 	C:\Program Files\Java\jdk-17.0.4.1\bin\net.dll
0x00007ffab9450000 - 0x00007ffab955c000 	C:\WINDOWS\SYSTEM32\WINHTTP.dll
0x00007ffabfaa0000 - 0x00007ffabfb07000 	C:\WINDOWS\system32\mswsock.dll
0x00007ffa981b0000 - 0x00007ffa981c6000 	C:\Program Files\Java\jdk-17.0.4.1\bin\nio.dll
0x00007ffa97bc0000 - 0x00007ffa97bd8000 	C:\Program Files\Java\jdk-17.0.4.1\bin\zip.dll
0x00007ffa9f390000 - 0x00007ffa9f3a0000 	C:\Program Files\Java\jdk-17.0.4.1\bin\verify.dll
0x00007ffa9c1e0000 - 0x00007ffa9c207000 	C:\Users\95942\.gradle\native\e1d6ef7f7dcc3fd88c89a11ec53ec762bb8ba0a96d01ffa2cd45eb1d1d8dd5c5\windows-amd64\native-platform.dll
0x00007ffa805c0000 - 0x00007ffa80704000 	C:\Users\95942\.gradle\native\0d407fdbe67a94daf76414ababcb853783967236a71b16ec16e742cd7a986fd3\windows-amd64\native-platform-file-events.dll
0x00007ffa9e8b0000 - 0x00007ffa9e8b9000 	C:\Program Files\Java\jdk-17.0.4.1\bin\management.dll
0x00007ffa9da60000 - 0x00007ffa9da6b000 	C:\Program Files\Java\jdk-17.0.4.1\bin\management_ext.dll
0x00007ffabfce0000 - 0x00007ffabfcf8000 	C:\WINDOWS\SYSTEM32\CRYPTSP.dll
0x00007ffabf5d0000 - 0x00007ffabf605000 	C:\WINDOWS\system32\rsaenh.dll
0x00007ffabfb90000 - 0x00007ffabfbb9000 	C:\WINDOWS\SYSTEM32\USERENV.dll
0x00007ffabfe60000 - 0x00007ffabfe87000 	C:\WINDOWS\SYSTEM32\bcrypt.dll
0x00007ffabfd00000 - 0x00007ffabfd0c000 	C:\WINDOWS\SYSTEM32\CRYPTBASE.dll
0x00007ffabf1a0000 - 0x00007ffabf1cd000 	C:\WINDOWS\SYSTEM32\IPHLPAPI.DLL
0x00007ffac1e20000 - 0x00007ffac1e29000 	C:\WINDOWS\System32\NSI.dll
0x00007ffab9430000 - 0x00007ffab9449000 	C:\WINDOWS\SYSTEM32\dhcpcsvc6.DLL
0x00007ffab9f20000 - 0x00007ffab9f3e000 	C:\WINDOWS\SYSTEM32\dhcpcsvc.DLL
0x00007ffabf1d0000 - 0x00007ffabf2b8000 	C:\WINDOWS\SYSTEM32\DNSAPI.dll
0x00007ffaa10e0000 - 0x00007ffaa10ee000 	C:\Program Files\Java\jdk-17.0.4.1\bin\sunmscapi.dll
0x00007ffac0800000 - 0x00007ffac0962000 	C:\WINDOWS\System32\CRYPT32.dll
0x00007ffabfe30000 - 0x00007ffabfe58000 	C:\WINDOWS\SYSTEM32\ncrypt.dll
0x00007ffabfdf0000 - 0x00007ffabfe27000 	C:\WINDOWS\SYSTEM32\NTASN1.dll
0x00007ffaaa9b0000 - 0x00007ffaaa9b8000 	C:\WINDOWS\system32\wshunix.dll
0x00007ffab9010000 - 0x00007ffab901a000 	C:\Windows\System32\rasadhlp.dll
0x00007ffab6080000 - 0x00007ffab6101000 	C:\WINDOWS\System32\fwpuclnt.dll

dbghelp: loaded successfully - version: 4.0.5 - missing functions: none
symbol engine: initialized successfully - sym options: 0x614 - pdb path: .;C:\Program Files\Java\jdk-17.0.4.1\bin;C:\WINDOWS\SYSTEM32;C:\WINDOWS\WinSxS\amd64_microsoft.windows.common-controls_6595b64144ccf1df_6.0.22000.120_none_9d947278b86cc467;C:\Program Files\Java\jdk-17.0.4.1\bin\server;C:\Users\95942\.gradle\native\e1d6ef7f7dcc3fd88c89a11ec53ec762bb8ba0a96d01ffa2cd45eb1d1d8dd5c5\windows-amd64;C:\Users\95942\.gradle\native\0d407fdbe67a94daf76414ababcb853783967236a71b16ec16e742cd7a986fd3\windows-amd64

VM Arguments:
jvm_args: -XX:MaxMetaspaceSize=512m --add-opens=java.base/java.util=ALL-UNNAMED --add-opens=java.base/java.lang=ALL-UNNAMED --add-opens=java.base/java.lang.invoke=ALL-UNNAMED --add-opens=java.base/java.util=ALL-UNNAMED --add-opens=java.prefs/java.util.prefs=ALL-UNNAMED --add-opens=java.prefs/java.util.prefs=ALL-UNNAMED --add-opens=java.base/java.nio.charset=ALL-UNNAMED --add-opens=java.base/java.net=ALL-UNNAMED --add-opens=java.base/java.util.concurrent.atomic=ALL-UNNAMED -Xmx2048m -Dfile.encoding=windows-1252 -Duser.country=US -Duser.language=en -Duser.variant 
java_command: org.gradle.launcher.daemon.bootstrap.GradleDaemon 7.5.1
java_class_path (initial): C:\Users\95942\.gradle\wrapper\dists\gradle-7.5.1-all\1ehga6e77gqps5uk2kc5kf1vc\gradle-7.5.1\lib\gradle-launcher-7.5.1.jar
Launcher Type: SUN_STANDARD

[Global flags]
     intx CICompilerCount                          = 3                                         {product} {ergonomic}
   size_t CompressedClassSpaceSize                 = 432013312                                 {product} {ergonomic}
     uint ConcGCThreads                            = 1                                         {product} {ergonomic}
     uint G1ConcRefinementThreads                  = 4                                         {product} {ergonomic}
   size_t G1HeapRegionSize                         = 1048576                                   {product} {ergonomic}
    uintx GCDrainStackTargetSize                   = 64                                        {product} {ergonomic}
   size_t InitialHeapSize                          = 132120576                                 {product} {ergonomic}
   size_t MarkStackSize                            = 4194304                                   {product} {ergonomic}
   size_t MaxHeapSize                              = 2147483648                                {product} {command line}
   size_t MaxMetaspaceSize                         = 536870912                                 {product} {command line}
   size_t MaxNewSize                               = 1287651328                                {product} {ergonomic}
   size_t MinHeapDeltaBytes                        = 1048576                                   {product} {ergonomic}
   size_t MinHeapSize                              = 8388608                                   {product} {ergonomic}
    uintx NonNMethodCodeHeapSize                   = 5832780                                {pd product} {ergonomic}
    uintx NonProfiledCodeHeapSize                  = 122912730                              {pd product} {ergonomic}
    uintx ProfiledCodeHeapSize                     = 122912730                              {pd product} {ergonomic}
    uintx ReservedCodeCacheSize                    = 251658240                              {pd product} {ergonomic}
     bool SegmentedCodeCache                       = true                                      {product} {ergonomic}
   size_t SoftMaxHeapSize                          = 2147483648                             {manageable} {ergonomic}
     bool UseCompressedClassPointers               = true                           {product lp64_product} {ergonomic}
     bool UseCompressedOops                        = true                           {product lp64_product} {ergonomic}
     bool UseG1GC                                  = true                                      {product} {ergonomic}
     bool UseLargePagesIndividualAllocation        = false                                  {pd product} {ergonomic}

Logging:
Log output configuration:
 #0: stdout all=warning uptime,level,tags
 #1: stderr all=off uptime,level,tags

Environment Variables:
CLASSPATH=D:\SPM\AwesomeProject\android\\gradle\wrapper\gradle-wrapper.jar
PATH=D:\SPM\AwesomeProject\android\node_modules\.bin;D:\SPM\AwesomeProject\node_modules\.bin;D:\SPM\node_modules\.bin;D:\node_modules\.bin;C:\Program Files\nodejs;D:\SPM\AwesomeProject\node_modules\.bin;D:\SPM\node_modules\.bin;D:\node_modules\.bin;C:\Program Files\nodejs\node_modules\npm\node_modules\@npmcli\run-script\lib\node-gyp-bin;C:\Program Files\Common Files\Oracle\Java\javapath;C:\Python310\Scripts\;C:\Python310\;C:\ProgramData\Oracle\Java\javapath;C:\WINDOWS\system32;C:\WINDOWS;C:\WINDOWS\System32\Wbem;C:\WINDOWS\System32\WindowsPowerShell\v1.0\;C:\WINDOWS\System32\OpenSSH\;C:\Program Files\dotnet\;C:\Program Files\Cloudflare\Cloudflare WARP\;C:\Program Files\nodejs\;C:\ProgramData\chocolatey\bin;C:\Program Files\Git\cmd;C:\Users\95942\AppData\Local\Microsoft\WindowsApps;C:\Users\95942\AppData\Roaming\npm;C:\Users\95942\AppData\Local\Programs\Microsoft VS Code\bin;C:\Users\95942\AppData\Local\GitHubDesktop\bin;D:\SPM\AwesomeProject\node_modules\.bin
USERNAME=95942
OS=Windows_NT
PROCESSOR_IDENTIFIER=Intel64 Family 6 Model 140 Stepping 1, GenuineIntel



---------------  S Y S T E M  ---------------

OS:
 Windows 11 , 64 bit Build 22000 (10.0.22000.708)
OS uptime: 7 days 22:13 hours

CPU: total 4 (initial active 4) (2 cores per cpu, 2 threads per core) family 6 model 140 stepping 1 microcode 0x8a, cx8, cmov, fxsr, ht, mmx, 3dnowpref, sse, sse2, sse3, ssse3, sse4.1, sse4.2, popcnt, lzcnt, tsc, tscinvbit, avx, avx2, aes, erms, clmul, bmi1, bmi2, adx, avx512f, avx512dq, avx512cd, avx512bw, avx512vl, sha, fma, vzeroupper, avx512_vpopcntdq, avx512_vpclmulqdq, avx512_vaes, avx512_vnni, clflush, clflushopt, clwb, avx512_vbmi2, avx512_vbmi

Memory: 4k page, system-wide physical 7991M (432M free)
TotalPageFile size 23231M (AvailPageFile size 173M)
current process WorkingSet (physical memory assigned to process): 503M, peak: 634M
current process commit charge ("private bytes"): 631M, peak: 809M

vm_info: Java HotSpot(TM) 64-Bit Server VM (17.0.4.1+1-LTS-2) for windows-amd64 JRE (17.0.4.1+1-LTS-2), built on Aug 16 2022 18:32:06 by "mach5one" with MS VC++ 16.8 / 16.9 (VS2019)

END.
